ROS_DISTRO was set to 'kinetic' before. Please make sure that the environment does not mix paths from different distributions.
CMake Warning (dev) in CMakeLists.txt:
  No project() command is present.  The top-level CMakeLists.txt file must
  contain a literal, direct call to the project() command.  Add a line of
  code such as

    project(ProjectName)

  near the top of the file, but after cmake_minimum_required().

  CMake is pretending there is a "project(Project)" command on the first
  line.
This warning is for project developers.  Use -Wno-dev to suppress it.

-- The C compiler identification is GNU 5.4.0
-- The CXX compiler identification is GNU 5.4.0
-- Detecting C compiler ABI info
-- Detecting C compiler ABI info - done
-- Check for working C compiler: /usr/bin/cc - skipped
-- Detecting C compile features
-- Detecting C compile features - done
-- Detecting CXX compiler ABI info
-- Detecting CXX compiler ABI info - done
-- Check for working CXX compiler: /usr/bin/c++ - skipped
-- Detecting CXX compile features
-- Detecting CXX compile features - done
CMake Deprecation Warning at CMakeLists.txt:4 (cmake_minimum_required):
  Compatibility with CMake < 2.8.12 will be removed from a future version of
  CMake.

  Update the VERSION argument <min> value or use a ...<max> suffix to tell
  CMake that the project does not need compatibility with older versions.


-- Using CATKIN_DEVEL_PREFIX: /home/albee/workspaces/astrobee-ws-reswarm/freeflyer-reswarm/develop/reswarm_msgs/reswarm_msgs_matlab/matlab_msg_gen_ros1/glnxa64/devel
-- Using CMAKE_PREFIX_PATH: /usr/local/MATLAB/R2021a/sys/ros1/glnxa64/ros1;/usr/local/MATLAB/R2021a/toolbox/ros/mlroscpp/custom_messages
-- This workspace overlays: /usr/local/MATLAB/R2021a/sys/ros1/glnxa64/ros1;/usr/local/MATLAB/R2021a/toolbox/ros/mlroscpp/custom_messages
-- Found PythonInterp: /home/albee/.matlab/R2021a/ros1/glnxa64/venv/bin/python2 (found suitable version "2.7.12", minimum required is "2") 
-- Using PYTHON_EXECUTABLE: /home/albee/.matlab/R2021a/ros1/glnxa64/venv/bin/python2
-- Using Debian Python package layout
-- Using empy: /usr/bin/empy
-- Using CATKIN_ENABLE_TESTING: off
-- catkin 0.7.17
-- BUILD_SHARED_LIBS is on
-- BUILD_SHARED_LIBS is on
-- ~~~~~~~~~~~~~~~~~~~~~~~~~~~~~~~~~~~~~~~~~~~~~~~~~
-- ~~  traversing 1 packages in topological order:
-- ~~  - reswarm_msgs_matlab
-- ~~~~~~~~~~~~~~~~~~~~~~~~~~~~~~~~~~~~~~~~~~~~~~~~~
-- +++ processing catkin package: 'reswarm_msgs_matlab'
-- ==> add_subdirectory(reswarm_msgs_matlab)
-- Disabling the following message generators: geneus;genlisp;gennodejs
-- Using these message generators: gencpp;genpy
-- reswarm_msgs_matlab: 9 messages, 1 services
-- Configuring done
-- Generating done
CMake Warning:
  Manually-specified variables were not used by the project:

    Boost_NAMESPACE


-- Build files have been written to: /home/albee/workspaces/astrobee-ws-reswarm/freeflyer-reswarm/develop/reswarm_msgs/reswarm_msgs_matlab/matlab_msg_gen_ros1/glnxa64/build
[1/44] cd /home/albee/workspaces/astrobee-ws-reswarm/freeflyer-reswarm/develop/reswarm_msgs/reswarm_msgs_matlab/matlab_msg_gen_ros1/glnxa64/build/reswarm_msgs_matlab && /home/albee/workspaces/astrobee-ws-reswarm/freeflyer-reswarm/develop/reswarm_msgs/reswarm_msgs_matlab/matlab_msg_gen_ros1/glnxa64/build/catkin_generated/env_cached.sh /home/albee/.matlab/R2021a/ros1/glnxa64/venv/bin/python2 /usr/local/MATLAB/R2021a/sys/ros1/glnxa64/ros1/share/genmsg/cmake/../../../lib/genmsg/genmsg_check_deps.py reswarm_msgs_matlab /home/albee/workspaces/astrobee-ws-reswarm/freeflyer-reswarm/develop/reswarm_msgs/reswarm_msgs_matlab/matlab_msg_gen_ros1/glnxa64/src/reswarm_msgs_matlab/msg/ReswarmCasadiDebug.msg geometry_msgs/Wrench:std_msgs/MultiArrayDimension:std_msgs/Float64MultiArray:geometry_msgs/Vector3:std_msgs/Float64:geometry_msgs/Point:std_msgs/Header:std_msgs/MultiArrayLayout:std_msgs/String
[2/44] cd /home/albee/workspaces/astrobee-ws-reswarm/freeflyer-reswarm/develop/reswarm_msgs/reswarm_msgs_matlab/matlab_msg_gen_ros1/glnxa64/build/reswarm_msgs_matlab && /home/albee/workspaces/astrobee-ws-reswarm/freeflyer-reswarm/develop/reswarm_msgs/reswarm_msgs_matlab/matlab_msg_gen_ros1/glnxa64/build/catkin_generated/env_cached.sh /home/albee/.matlab/R2021a/ros1/glnxa64/venv/bin/python2 /usr/local/MATLAB/R2021a/sys/ros1/glnxa64/ros1/share/genmsg/cmake/../../../lib/genmsg/genmsg_check_deps.py reswarm_msgs_matlab /home/albee/workspaces/astrobee-ws-reswarm/freeflyer-reswarm/develop/reswarm_msgs/reswarm_msgs_matlab/matlab_msg_gen_ros1/glnxa64/src/reswarm_msgs_matlab/msg/ReswarmStatusSecondary.msg
[3/44] cd /home/albee/workspaces/astrobee-ws-reswarm/freeflyer-reswarm/develop/reswarm_msgs/reswarm_msgs_matlab/matlab_msg_gen_ros1/glnxa64/build/reswarm_msgs_matlab && /home/albee/workspaces/astrobee-ws-reswarm/freeflyer-reswarm/develop/reswarm_msgs/reswarm_msgs_matlab/matlab_msg_gen_ros1/glnxa64/build/catkin_generated/env_cached.sh /home/albee/.matlab/R2021a/ros1/glnxa64/venv/bin/python2 /usr/local/MATLAB/R2021a/sys/ros1/glnxa64/ros1/share/genmsg/cmake/../../../lib/genmsg/genmsg_check_deps.py reswarm_msgs_matlab /home/albee/workspaces/astrobee-ws-reswarm/freeflyer-reswarm/develop/reswarm_msgs/reswarm_msgs_matlab/matlab_msg_gen_ros1/glnxa64/src/reswarm_msgs_matlab/msg/ReswarmUCBoundStatus.msg
[4/44] cd /home/albee/workspaces/astrobee-ws-reswarm/freeflyer-reswarm/develop/reswarm_msgs/reswarm_msgs_matlab/matlab_msg_gen_ros1/glnxa64/build/reswarm_msgs_matlab && /home/albee/workspaces/astrobee-ws-reswarm/freeflyer-reswarm/develop/reswarm_msgs/reswarm_msgs_matlab/matlab_msg_gen_ros1/glnxa64/build/catkin_generated/env_cached.sh /home/albee/.matlab/R2021a/ros1/glnxa64/venv/bin/python2 /usr/local/MATLAB/R2021a/sys/ros1/glnxa64/ros1/share/genmsg/cmake/../../../lib/genmsg/genmsg_check_deps.py reswarm_msgs_matlab /home/albee/workspaces/astrobee-ws-reswarm/freeflyer-reswarm/develop/reswarm_msgs/reswarm_msgs_matlab/matlab_msg_gen_ros1/glnxa64/src/reswarm_msgs_matlab/srv/ReswarmSrvMRPI.srv std_msgs/Float64MultiArray:std_msgs/MultiArrayDimension:std_msgs/MultiArrayLayout
[5/44] cd /home/albee/workspaces/astrobee-ws-reswarm/freeflyer-reswarm/develop/reswarm_msgs/reswarm_msgs_matlab/matlab_msg_gen_ros1/glnxa64/build/reswarm_msgs_matlab && /home/albee/workspaces/astrobee-ws-reswarm/freeflyer-reswarm/develop/reswarm_msgs/reswarm_msgs_matlab/matlab_msg_gen_ros1/glnxa64/build/catkin_generated/env_cached.sh /home/albee/.matlab/R2021a/ros1/glnxa64/venv/bin/python2 /usr/local/MATLAB/R2021a/sys/ros1/glnxa64/ros1/share/genmsg/cmake/../../../lib/genmsg/genmsg_check_deps.py reswarm_msgs_matlab /home/albee/workspaces/astrobee-ws-reswarm/freeflyer-reswarm/develop/reswarm_msgs/reswarm_msgs_matlab/matlab_msg_gen_ros1/glnxa64/src/reswarm_msgs_matlab/msg/ReswarmStatusPrimary.msg
[6/44] cd /home/albee/workspaces/astrobee-ws-reswarm/freeflyer-reswarm/develop/reswarm_msgs/reswarm_msgs_matlab/matlab_msg_gen_ros1/glnxa64/build/reswarm_msgs_matlab && /home/albee/workspaces/astrobee-ws-reswarm/freeflyer-reswarm/develop/reswarm_msgs/reswarm_msgs_matlab/matlab_msg_gen_ros1/glnxa64/build/catkin_generated/env_cached.sh /home/albee/.matlab/R2021a/ros1/glnxa64/venv/bin/python2 /usr/local/MATLAB/R2021a/sys/ros1/glnxa64/ros1/share/genmsg/cmake/../../../lib/genmsg/genmsg_check_deps.py reswarm_msgs_matlab /home/albee/workspaces/astrobee-ws-reswarm/freeflyer-reswarm/develop/reswarm_msgs/reswarm_msgs_matlab/matlab_msg_gen_ros1/glnxa64/src/reswarm_msgs_matlab/msg/ReswarmTestNumber.msg
[7/44] cd /home/albee/workspaces/astrobee-ws-reswarm/freeflyer-reswarm/develop/reswarm_msgs/reswarm_msgs_matlab/matlab_msg_gen_ros1/glnxa64/build/reswarm_msgs_matlab && /home/albee/workspaces/astrobee-ws-reswarm/freeflyer-reswarm/develop/reswarm_msgs/reswarm_msgs_matlab/matlab_msg_gen_ros1/glnxa64/build/catkin_generated/env_cached.sh /home/albee/.matlab/R2021a/ros1/glnxa64/venv/bin/python2 /usr/local/MATLAB/R2021a/sys/ros1/glnxa64/ros1/share/genmsg/cmake/../../../lib/genmsg/genmsg_check_deps.py reswarm_msgs_matlab /home/albee/workspaces/astrobee-ws-reswarm/freeflyer-reswarm/develop/reswarm_msgs/reswarm_msgs_matlab/matlab_msg_gen_ros1/glnxa64/src/reswarm_msgs_matlab/msg/ReswarmCasadiStatus.msg
[8/44] cd /home/albee/workspaces/astrobee-ws-reswarm/freeflyer-reswarm/develop/reswarm_msgs/reswarm_msgs_matlab/matlab_msg_gen_ros1/glnxa64/build/reswarm_msgs_matlab && /home/albee/workspaces/astrobee-ws-reswarm/freeflyer-reswarm/develop/reswarm_msgs/reswarm_msgs_matlab/matlab_msg_gen_ros1/glnxa64/build/catkin_generated/env_cached.sh /home/albee/.matlab/R2021a/ros1/glnxa64/venv/bin/python2 /usr/local/MATLAB/R2021a/sys/ros1/glnxa64/ros1/share/genmsg/cmake/../../../lib/genmsg/genmsg_check_deps.py reswarm_msgs_matlab /home/albee/workspaces/astrobee-ws-reswarm/freeflyer-reswarm/develop/reswarm_msgs/reswarm_msgs_matlab/matlab_msg_gen_ros1/glnxa64/src/reswarm_msgs_matlab/msg/ReswarmInfoStatus.msg
[9/44] cd /home/albee/workspaces/astrobee-ws-reswarm/freeflyer-reswarm/develop/reswarm_msgs/reswarm_msgs_matlab/matlab_msg_gen_ros1/glnxa64/build/reswarm_msgs_matlab && /home/albee/workspaces/astrobee-ws-reswarm/freeflyer-reswarm/develop/reswarm_msgs/reswarm_msgs_matlab/matlab_msg_gen_ros1/glnxa64/build/catkin_generated/env_cached.sh /home/albee/.matlab/R2021a/ros1/glnxa64/venv/bin/python2 /usr/local/MATLAB/R2021a/sys/ros1/glnxa64/ros1/share/genmsg/cmake/../../../lib/genmsg/genmsg_check_deps.py reswarm_msgs_matlab /home/albee/workspaces/astrobee-ws-reswarm/freeflyer-reswarm/develop/reswarm_msgs/reswarm_msgs_matlab/matlab_msg_gen_ros1/glnxa64/src/reswarm_msgs_matlab/msg/ReswarmMsgMRPI.msg std_msgs/Float64MultiArray:std_msgs/MultiArrayDimension:std_msgs/Bool:std_msgs/MultiArrayLayout
[10/44] cd /home/albee/workspaces/astrobee-ws-reswarm/freeflyer-reswarm/develop/reswarm_msgs/reswarm_msgs_matlab/matlab_msg_gen_ros1/glnxa64/build/reswarm_msgs_matlab && /home/albee/workspaces/astrobee-ws-reswarm/freeflyer-reswarm/develop/reswarm_msgs/reswarm_msgs_matlab/matlab_msg_gen_ros1/glnxa64/build/catkin_generated/env_cached.sh /home/albee/.matlab/R2021a/ros1/glnxa64/venv/bin/python2 /usr/local/MATLAB/R2021a/sys/ros1/glnxa64/ros1/share/genmsg/cmake/../../../lib/genmsg/genmsg_check_deps.py reswarm_msgs_matlab /home/albee/workspaces/astrobee-ws-reswarm/freeflyer-reswarm/develop/reswarm_msgs/reswarm_msgs_matlab/matlab_msg_gen_ros1/glnxa64/src/reswarm_msgs_matlab/msg/ReswarmPlannerStatus.msg
[11/44] Generating Python from MSG reswarm_msgs_matlab/ReswarmCasadiStatus
[12/44] Generating Python from MSG reswarm_msgs_matlab/ReswarmStatusPrimary
[13/44] Generating C++ code from reswarm_msgs_matlab/ReswarmStatusPrimary.msg
[14/44] Generating C++ code from reswarm_msgs_matlab/ReswarmInfoStatus.msg
[15/44] Generating C++ code from reswarm_msgs_matlab/ReswarmCasadiStatus.msg
[16/44] Generating C++ code from reswarm_msgs_matlab/ReswarmMsgMRPI.msg
[17/44] Generating C++ code from reswarm_msgs_matlab/ReswarmCasadiDebug.msg
[18/44] Generating C++ code from reswarm_msgs_matlab/ReswarmPlannerStatus.msg
[19/44] Generating C++ code from reswarm_msgs_matlab/ReswarmStatusSecondary.msg
[20/44] Generating C++ code from reswarm_msgs_matlab/ReswarmUCBoundStatus.msg
[21/44] Generating C++ code from reswarm_msgs_matlab/ReswarmTestNumber.msg
[22/44] Generating Python from MSG reswarm_msgs_matlab/ReswarmPlannerStatus
[23/44] Generating Python from MSG reswarm_msgs_matlab/ReswarmCasadiDebug
[24/44] Generating C++ code from reswarm_msgs_matlab/ReswarmSrvMRPI.srv
[25/44] Generating Python from MSG reswarm_msgs_matlab/ReswarmInfoStatus
[26/44] Generating Python from MSG reswarm_msgs_matlab/ReswarmUCBoundStatus
[27/44] Generating Python code from SRV reswarm_msgs_matlab/ReswarmSrvMRPI
[28/44] Generating Python from MSG reswarm_msgs_matlab/ReswarmTestNumber
[29/44] Generating Python from MSG reswarm_msgs_matlab/ReswarmStatusSecondary
[30/44] Generating Python from MSG reswarm_msgs_matlab/ReswarmMsgMRPI
[31/44] Generating Python srv __init__.py for reswarm_msgs_matlab
[32/44] Generating Python msg __init__.py for reswarm_msgs_matlab
[33/44] Building CXX object reswarm_msgs_matlab/CMakeFiles/reswarm_msgs_matlab_matlab.dir/src/reswarm_msgs_matlab_ReswarmInfoStatus_message.cpp.o
[34/44] Building CXX object reswarm_msgs_matlab/CMakeFiles/reswarm_msgs_matlab_matlab.dir/src/reswarm_msgs_matlab_ReswarmStatusPrimary_message.cpp.o
[35/44] Building CXX object reswarm_msgs_matlab/CMakeFiles/reswarm_msgs_matlab_matlab.dir/src/reswarm_msgs_matlab_ReswarmPlannerStatus_message.cpp.o
[36/44] Building CXX object reswarm_msgs_matlab/CMakeFiles/reswarm_msgs_matlab_matlab.dir/src/reswarm_msgs_matlab_ReswarmStatusSecondary_message.cpp.o
[37/44] Building CXX object reswarm_msgs_matlab/CMakeFiles/reswarm_msgs_matlab_matlab.dir/src/reswarm_msgs_matlab_ReswarmTestNumber_message.cpp.o
[38/44] Building CXX object reswarm_msgs_matlab/CMakeFiles/reswarm_msgs_matlab_matlab.dir/src/reswarm_msgs_matlab_ReswarmMsgMRPI_message.cpp.o
[39/44] Building CXX object reswarm_msgs_matlab/CMakeFiles/reswarm_msgs_matlab_matlab.dir/src/reswarm_msgs_matlab_ReswarmUCBoundStatus_message.cpp.o
[40/44] Building CXX object reswarm_msgs_matlab/CMakeFiles/reswarm_msgs_matlab_matlab.dir/src/reswarm_msgs_matlab_ReswarmCasadiStatus_message.cpp.o
[41/44] Building CXX object reswarm_msgs_matlab/CMakeFiles/reswarm_msgs_matlab_matlab.dir/src/reswarm_msgs_matlab_ReswarmCasadiDebug_message.cpp.o
[42/44] Building CXX object reswarm_msgs_matlab/CMakeFiles/reswarm_msgs_matlab_matlab.dir/src/reswarm_msgs_matlab_ReswarmSrvMRPI_service.cpp.o
[43/44] Linking CXX shared library /home/albee/workspaces/astrobee-ws-reswarm/freeflyer-reswarm/develop/reswarm_msgs/reswarm_msgs_matlab/matlab_msg_gen_ros1/glnxa64/devel/lib/libreswarm_msgs_matlab_matlab.so
[43/44] Install the project...
-- Install configuration: "Release"
-- Installing: /home/albee/workspaces/astrobee-ws-reswarm/freeflyer-reswarm/develop/reswarm_msgs/reswarm_msgs_matlab/matlab_msg_gen_ros1/glnxa64/install/_setup_util.py
-- Installing: /home/albee/workspaces/astrobee-ws-reswarm/freeflyer-reswarm/develop/reswarm_msgs/reswarm_msgs_matlab/matlab_msg_gen_ros1/glnxa64/install/env.sh
-- Installing: /home/albee/workspaces/astrobee-ws-reswarm/freeflyer-reswarm/develop/reswarm_msgs/reswarm_msgs_matlab/matlab_msg_gen_ros1/glnxa64/install/setup.bash
-- Installing: /home/albee/workspaces/astrobee-ws-reswarm/freeflyer-reswarm/develop/reswarm_msgs/reswarm_msgs_matlab/matlab_msg_gen_ros1/glnxa64/install/local_setup.bash
-- Installing: /home/albee/workspaces/astrobee-ws-reswarm/freeflyer-reswarm/develop/reswarm_msgs/reswarm_msgs_matlab/matlab_msg_gen_ros1/glnxa64/install/setup.sh
-- Installing: /home/albee/workspaces/astrobee-ws-reswarm/freeflyer-reswarm/develop/reswarm_msgs/reswarm_msgs_matlab/matlab_msg_gen_ros1/glnxa64/install/local_setup.sh
-- Installing: /home/albee/workspaces/astrobee-ws-reswarm/freeflyer-reswarm/develop/reswarm_msgs/reswarm_msgs_matlab/matlab_msg_gen_ros1/glnxa64/install/setup.zsh
-- Installing: /home/albee/workspaces/astrobee-ws-reswarm/freeflyer-reswarm/develop/reswarm_msgs/reswarm_msgs_matlab/matlab_msg_gen_ros1/glnxa64/install/local_setup.zsh
-- Installing: /home/albee/workspaces/astrobee-ws-reswarm/freeflyer-reswarm/develop/reswarm_msgs/reswarm_msgs_matlab/matlab_msg_gen_ros1/glnxa64/install/.rosinstall
-- Installing: /home/albee/workspaces/astrobee-ws-reswarm/freeflyer-reswarm/develop/reswarm_msgs/reswarm_msgs_matlab/matlab_msg_gen_ros1/glnxa64/install/share/reswarm_msgs_matlab/msg/ReswarmCasadiDebug.msg
-- Installing: /home/albee/workspaces/astrobee-ws-reswarm/freeflyer-reswarm/develop/reswarm_msgs/reswarm_msgs_matlab/matlab_msg_gen_ros1/glnxa64/install/share/reswarm_msgs_matlab/msg/ReswarmCasadiStatus.msg
-- Installing: /home/albee/workspaces/astrobee-ws-reswarm/freeflyer-reswarm/develop/reswarm_msgs/reswarm_msgs_matlab/matlab_msg_gen_ros1/glnxa64/install/share/reswarm_msgs_matlab/msg/ReswarmInfoStatus.msg
-- Installing: /home/albee/workspaces/astrobee-ws-reswarm/freeflyer-reswarm/develop/reswarm_msgs/reswarm_msgs_matlab/matlab_msg_gen_ros1/glnxa64/install/share/reswarm_msgs_matlab/msg/ReswarmMsgMRPI.msg
-- Installing: /home/albee/workspaces/astrobee-ws-reswarm/freeflyer-reswarm/develop/reswarm_msgs/reswarm_msgs_matlab/matlab_msg_gen_ros1/glnxa64/install/share/reswarm_msgs_matlab/msg/ReswarmPlannerStatus.msg
-- Installing: /home/albee/workspaces/astrobee-ws-reswarm/freeflyer-reswarm/develop/reswarm_msgs/reswarm_msgs_matlab/matlab_msg_gen_ros1/glnxa64/install/share/reswarm_msgs_matlab/msg/ReswarmStatusPrimary.msg
-- Installing: /home/albee/workspaces/astrobee-ws-reswarm/freeflyer-reswarm/develop/reswarm_msgs/reswarm_msgs_matlab/matlab_msg_gen_ros1/glnxa64/install/share/reswarm_msgs_matlab/msg/ReswarmStatusSecondary.msg
-- Installing: /home/albee/workspaces/astrobee-ws-reswarm/freeflyer-reswarm/develop/reswarm_msgs/reswarm_msgs_matlab/matlab_msg_gen_ros1/glnxa64/install/share/reswarm_msgs_matlab/msg/ReswarmTestNumber.msg
-- Installing: /home/albee/workspaces/astrobee-ws-reswarm/freeflyer-reswarm/develop/reswarm_msgs/reswarm_msgs_matlab/matlab_msg_gen_ros1/glnxa64/install/share/reswarm_msgs_matlab/msg/ReswarmUCBoundStatus.msg
-- Installing: /home/albee/workspaces/astrobee-ws-reswarm/freeflyer-reswarm/develop/reswarm_msgs/reswarm_msgs_matlab/matlab_msg_gen_ros1/glnxa64/install/share/reswarm_msgs_matlab/srv/ReswarmSrvMRPI.srv
-- Installing: /home/albee/workspaces/astrobee-ws-reswarm/freeflyer-reswarm/develop/reswarm_msgs/reswarm_msgs_matlab/matlab_msg_gen_ros1/glnxa64/install/share/reswarm_msgs_matlab/cmake/reswarm_msgs_matlab-msg-paths.cmake
-- Installing: /home/albee/workspaces/astrobee-ws-reswarm/freeflyer-reswarm/develop/reswarm_msgs/reswarm_msgs_matlab/matlab_msg_gen_ros1/glnxa64/install/include/reswarm_msgs_matlab
-- Installing: /home/albee/workspaces/astrobee-ws-reswarm/freeflyer-reswarm/develop/reswarm_msgs/reswarm_msgs_matlab/matlab_msg_gen_ros1/glnxa64/install/include/reswarm_msgs_matlab/ReswarmUCBoundStatus.h
-- Installing: /home/albee/workspaces/astrobee-ws-reswarm/freeflyer-reswarm/develop/reswarm_msgs/reswarm_msgs_matlab/matlab_msg_gen_ros1/glnxa64/install/include/reswarm_msgs_matlab/ReswarmStatusPrimary.h
-- Installing: /home/albee/workspaces/astrobee-ws-reswarm/freeflyer-reswarm/develop/reswarm_msgs/reswarm_msgs_matlab/matlab_msg_gen_ros1/glnxa64/install/include/reswarm_msgs_matlab/ReswarmCasadiStatus.h
-- Installing: /home/albee/workspaces/astrobee-ws-reswarm/freeflyer-reswarm/develop/reswarm_msgs/reswarm_msgs_matlab/matlab_msg_gen_ros1/glnxa64/install/include/reswarm_msgs_matlab/ReswarmPlannerStatus.h
-- Installing: /home/albee/workspaces/astrobee-ws-reswarm/freeflyer-reswarm/develop/reswarm_msgs/reswarm_msgs_matlab/matlab_msg_gen_ros1/glnxa64/install/include/reswarm_msgs_matlab/ReswarmSrvMRPI.h
-- Installing: /home/albee/workspaces/astrobee-ws-reswarm/freeflyer-reswarm/develop/reswarm_msgs/reswarm_msgs_matlab/matlab_msg_gen_ros1/glnxa64/install/include/reswarm_msgs_matlab/ReswarmStatusSecondary.h
-- Installing: /home/albee/workspaces/astrobee-ws-reswarm/freeflyer-reswarm/develop/reswarm_msgs/reswarm_msgs_matlab/matlab_msg_gen_ros1/glnxa64/install/include/reswarm_msgs_matlab/ReswarmTestNumber.h
-- Installing: /home/albee/workspaces/astrobee-ws-reswarm/freeflyer-reswarm/develop/reswarm_msgs/reswarm_msgs_matlab/matlab_msg_gen_ros1/glnxa64/install/include/reswarm_msgs_matlab/ReswarmInfoStatus.h
-- Installing: /home/albee/workspaces/astrobee-ws-reswarm/freeflyer-reswarm/develop/reswarm_msgs/reswarm_msgs_matlab/matlab_msg_gen_ros1/glnxa64/install/include/reswarm_msgs_matlab/ReswarmCasadiDebug.h
-- Installing: /home/albee/workspaces/astrobee-ws-reswarm/freeflyer-reswarm/develop/reswarm_msgs/reswarm_msgs_matlab/matlab_msg_gen_ros1/glnxa64/install/include/reswarm_msgs_matlab/ReswarmSrvMRPIRequest.h
-- Installing: /home/albee/workspaces/astrobee-ws-reswarm/freeflyer-reswarm/develop/reswarm_msgs/reswarm_msgs_matlab/matlab_msg_gen_ros1/glnxa64/install/include/reswarm_msgs_matlab/ReswarmMsgMRPI.h
-- Installing: /home/albee/workspaces/astrobee-ws-reswarm/freeflyer-reswarm/develop/reswarm_msgs/reswarm_msgs_matlab/matlab_msg_gen_ros1/glnxa64/install/include/reswarm_msgs_matlab/ReswarmSrvMRPIResponse.h
Listing /home/albee/workspaces/astrobee-ws-reswarm/freeflyer-reswarm/develop/reswarm_msgs/reswarm_msgs_matlab/matlab_msg_gen_ros1/glnxa64/devel/lib/python2.7/dist-packages/reswarm_msgs_matlab ...
Compiling /home/albee/workspaces/astrobee-ws-reswarm/freeflyer-reswarm/develop/reswarm_msgs/reswarm_msgs_matlab/matlab_msg_gen_ros1/glnxa64/devel/lib/python2.7/dist-packages/reswarm_msgs_matlab/__init__.py ...
Listing /home/albee/workspaces/astrobee-ws-reswarm/freeflyer-reswarm/develop/reswarm_msgs/reswarm_msgs_matlab/matlab_msg_gen_ros1/glnxa64/devel/lib/python2.7/dist-packages/reswarm_msgs_matlab/msg ...
Compiling /home/albee/workspaces/astrobee-ws-reswarm/freeflyer-reswarm/develop/reswarm_msgs/reswarm_msgs_matlab/matlab_msg_gen_ros1/glnxa64/devel/lib/python2.7/dist-packages/reswarm_msgs_matlab/msg/_ReswarmCasadiDebug.py ...
Compiling /home/albee/workspaces/astrobee-ws-reswarm/freeflyer-reswarm/develop/reswarm_msgs/reswarm_msgs_matlab/matlab_msg_gen_ros1/glnxa64/devel/lib/python2.7/dist-packages/reswarm_msgs_matlab/msg/_ReswarmCasadiStatus.py ...
Compiling /home/albee/workspaces/astrobee-ws-reswarm/freeflyer-reswarm/develop/reswarm_msgs/reswarm_msgs_matlab/matlab_msg_gen_ros1/glnxa64/devel/lib/python2.7/dist-packages/reswarm_msgs_matlab/msg/_ReswarmInfoStatus.py ...
Compiling /home/albee/workspaces/astrobee-ws-reswarm/freeflyer-reswarm/develop/reswarm_msgs/reswarm_msgs_matlab/matlab_msg_gen_ros1/glnxa64/devel/lib/python2.7/dist-packages/reswarm_msgs_matlab/msg/_ReswarmMsgMRPI.py ...
Compiling /home/albee/workspaces/astrobee-ws-reswarm/freeflyer-reswarm/develop/reswarm_msgs/reswarm_msgs_matlab/matlab_msg_gen_ros1/glnxa64/devel/lib/python2.7/dist-packages/reswarm_msgs_matlab/msg/_ReswarmPlannerStatus.py ...
Compiling /home/albee/workspaces/astrobee-ws-reswarm/freeflyer-reswarm/develop/reswarm_msgs/reswarm_msgs_matlab/matlab_msg_gen_ros1/glnxa64/devel/lib/python2.7/dist-packages/reswarm_msgs_matlab/msg/_ReswarmStatusPrimary.py ...
Compiling /home/albee/workspaces/astrobee-ws-reswarm/freeflyer-reswarm/develop/reswarm_msgs/reswarm_msgs_matlab/matlab_msg_gen_ros1/glnxa64/devel/lib/python2.7/dist-packages/reswarm_msgs_matlab/msg/_ReswarmStatusSecondary.py ...
Compiling /home/albee/workspaces/astrobee-ws-reswarm/freeflyer-reswarm/develop/reswarm_msgs/reswarm_msgs_matlab/matlab_msg_gen_ros1/glnxa64/devel/lib/python2.7/dist-packages/reswarm_msgs_matlab/msg/_ReswarmTestNumber.py ...
Compiling /home/albee/workspaces/astrobee-ws-reswarm/freeflyer-reswarm/develop/reswarm_msgs/reswarm_msgs_matlab/matlab_msg_gen_ros1/glnxa64/devel/lib/python2.7/dist-packages/reswarm_msgs_matlab/msg/_ReswarmUCBoundStatus.py ...
Compiling /home/albee/workspaces/astrobee-ws-reswarm/freeflyer-reswarm/develop/reswarm_msgs/reswarm_msgs_matlab/matlab_msg_gen_ros1/glnxa64/devel/lib/python2.7/dist-packages/reswarm_msgs_matlab/msg/__init__.py ...
Listing /home/albee/workspaces/astrobee-ws-reswarm/freeflyer-reswarm/develop/reswarm_msgs/reswarm_msgs_matlab/matlab_msg_gen_ros1/glnxa64/devel/lib/python2.7/dist-packages/reswarm_msgs_matlab/srv ...
Compiling /home/albee/workspaces/astrobee-ws-reswarm/freeflyer-reswarm/develop/reswarm_msgs/reswarm_msgs_matlab/matlab_msg_gen_ros1/glnxa64/devel/lib/python2.7/dist-packages/reswarm_msgs_matlab/srv/_ReswarmSrvMRPI.py ...
Compiling /home/albee/workspaces/astrobee-ws-reswarm/freeflyer-reswarm/develop/reswarm_msgs/reswarm_msgs_matlab/matlab_msg_gen_ros1/glnxa64/devel/lib/python2.7/dist-packages/reswarm_msgs_matlab/srv/__init__.py ...
-- Installing: /home/albee/workspaces/astrobee-ws-reswarm/freeflyer-reswarm/develop/reswarm_msgs/reswarm_msgs_matlab/matlab_msg_gen_ros1/glnxa64/install/lib/python2.7/dist-packages/reswarm_msgs_matlab
-- Installing: /home/albee/workspaces/astrobee-ws-reswarm/freeflyer-reswarm/develop/reswarm_msgs/reswarm_msgs_matlab/matlab_msg_gen_ros1/glnxa64/install/lib/python2.7/dist-packages/reswarm_msgs_matlab/msg
-- Installing: /home/albee/workspaces/astrobee-ws-reswarm/freeflyer-reswarm/develop/reswarm_msgs/reswarm_msgs_matlab/matlab_msg_gen_ros1/glnxa64/install/lib/python2.7/dist-packages/reswarm_msgs_matlab/msg/_ReswarmStatusSecondary.py
-- Installing: /home/albee/workspaces/astrobee-ws-reswarm/freeflyer-reswarm/develop/reswarm_msgs/reswarm_msgs_matlab/matlab_msg_gen_ros1/glnxa64/install/lib/python2.7/dist-packages/reswarm_msgs_matlab/msg/_ReswarmStatusPrimary.py
-- Installing: /home/albee/workspaces/astrobee-ws-reswarm/freeflyer-reswarm/develop/reswarm_msgs/reswarm_msgs_matlab/matlab_msg_gen_ros1/glnxa64/install/lib/python2.7/dist-packages/reswarm_msgs_matlab/msg/_ReswarmUCBoundStatus.py
-- Installing: /home/albee/workspaces/astrobee-ws-reswarm/freeflyer-reswarm/develop/reswarm_msgs/reswarm_msgs_matlab/matlab_msg_gen_ros1/glnxa64/install/lib/python2.7/dist-packages/reswarm_msgs_matlab/msg/_ReswarmTestNumber.py
-- Installing: /home/albee/workspaces/astrobee-ws-reswarm/freeflyer-reswarm/develop/reswarm_msgs/reswarm_msgs_matlab/matlab_msg_gen_ros1/glnxa64/install/lib/python2.7/dist-packages/reswarm_msgs_matlab/msg/_ReswarmStatusPrimary.pyc
-- Installing: /home/albee/workspaces/astrobee-ws-reswarm/freeflyer-reswarm/develop/reswarm_msgs/reswarm_msgs_matlab/matlab_msg_gen_ros1/glnxa64/install/lib/python2.7/dist-packages/reswarm_msgs_matlab/msg/_ReswarmMsgMRPI.pyc
-- Installing: /home/albee/workspaces/astrobee-ws-reswarm/freeflyer-reswarm/develop/reswarm_msgs/reswarm_msgs_matlab/matlab_msg_gen_ros1/glnxa64/install/lib/python2.7/dist-packages/reswarm_msgs_matlab/msg/_ReswarmInfoStatus.pyc
-- Installing: /home/albee/workspaces/astrobee-ws-reswarm/freeflyer-reswarm/develop/reswarm_msgs/reswarm_msgs_matlab/matlab_msg_gen_ros1/glnxa64/install/lib/python2.7/dist-packages/reswarm_msgs_matlab/msg/__init__.pyc
-- Installing: /home/albee/workspaces/astrobee-ws-reswarm/freeflyer-reswarm/develop/reswarm_msgs/reswarm_msgs_matlab/matlab_msg_gen_ros1/glnxa64/install/lib/python2.7/dist-packages/reswarm_msgs_matlab/msg/_ReswarmCasadiDebug.pyc
-- Installing: /home/albee/workspaces/astrobee-ws-reswarm/freeflyer-reswarm/develop/reswarm_msgs/reswarm_msgs_matlab/matlab_msg_gen_ros1/glnxa64/install/lib/python2.7/dist-packages/reswarm_msgs_matlab/msg/_ReswarmPlannerStatus.pyc
-- Installing: /home/albee/workspaces/astrobee-ws-reswarm/freeflyer-reswarm/develop/reswarm_msgs/reswarm_msgs_matlab/matlab_msg_gen_ros1/glnxa64/install/lib/python2.7/dist-packages/reswarm_msgs_matlab/msg/_ReswarmCasadiDebug.py
-- Installing: /home/albee/workspaces/astrobee-ws-reswarm/freeflyer-reswarm/develop/reswarm_msgs/reswarm_msgs_matlab/matlab_msg_gen_ros1/glnxa64/install/lib/python2.7/dist-packages/reswarm_msgs_matlab/msg/_ReswarmCasadiStatus.pyc
-- Installing: /home/albee/workspaces/astrobee-ws-reswarm/freeflyer-reswarm/develop/reswarm_msgs/reswarm_msgs_matlab/matlab_msg_gen_ros1/glnxa64/install/lib/python2.7/dist-packages/reswarm_msgs_matlab/msg/__init__.py
-- Installing: /home/albee/workspaces/astrobee-ws-reswarm/freeflyer-reswarm/develop/reswarm_msgs/reswarm_msgs_matlab/matlab_msg_gen_ros1/glnxa64/install/lib/python2.7/dist-packages/reswarm_msgs_matlab/msg/_ReswarmMsgMRPI.py
-- Installing: /home/albee/workspaces/astrobee-ws-reswarm/freeflyer-reswarm/develop/reswarm_msgs/reswarm_msgs_matlab/matlab_msg_gen_ros1/glnxa64/install/lib/python2.7/dist-packages/reswarm_msgs_matlab/msg/_ReswarmInfoStatus.py
-- Installing: /home/albee/workspaces/astrobee-ws-reswarm/freeflyer-reswarm/develop/reswarm_msgs/reswarm_msgs_matlab/matlab_msg_gen_ros1/glnxa64/install/lib/python2.7/dist-packages/reswarm_msgs_matlab/msg/_ReswarmStatusSecondary.pyc
-- Installing: /home/albee/workspaces/astrobee-ws-reswarm/freeflyer-reswarm/develop/reswarm_msgs/reswarm_msgs_matlab/matlab_msg_gen_ros1/glnxa64/install/lib/python2.7/dist-packages/reswarm_msgs_matlab/msg/_ReswarmTestNumber.pyc
-- Installing: /home/albee/workspaces/astrobee-ws-reswarm/freeflyer-reswarm/develop/reswarm_msgs/reswarm_msgs_matlab/matlab_msg_gen_ros1/glnxa64/install/lib/python2.7/dist-packages/reswarm_msgs_matlab/msg/_ReswarmUCBoundStatus.pyc
-- Installing: /home/albee/workspaces/astrobee-ws-reswarm/freeflyer-reswarm/develop/reswarm_msgs/reswarm_msgs_matlab/matlab_msg_gen_ros1/glnxa64/install/lib/python2.7/dist-packages/reswarm_msgs_matlab/msg/_ReswarmPlannerStatus.py
-- Installing: /home/albee/workspaces/astrobee-ws-reswarm/freeflyer-reswarm/develop/reswarm_msgs/reswarm_msgs_matlab/matlab_msg_gen_ros1/glnxa64/install/lib/python2.7/dist-packages/reswarm_msgs_matlab/msg/_ReswarmCasadiStatus.py
-- Installing: /home/albee/workspaces/astrobee-ws-reswarm/freeflyer-reswarm/develop/reswarm_msgs/reswarm_msgs_matlab/matlab_msg_gen_ros1/glnxa64/install/lib/python2.7/dist-packages/reswarm_msgs_matlab/__init__.pyc
-- Installing: /home/albee/workspaces/astrobee-ws-reswarm/freeflyer-reswarm/develop/reswarm_msgs/reswarm_msgs_matlab/matlab_msg_gen_ros1/glnxa64/install/lib/python2.7/dist-packages/reswarm_msgs_matlab/__init__.py
-- Installing: /home/albee/workspaces/astrobee-ws-reswarm/freeflyer-reswarm/develop/reswarm_msgs/reswarm_msgs_matlab/matlab_msg_gen_ros1/glnxa64/install/lib/python2.7/dist-packages/reswarm_msgs_matlab/srv
-- Installing: /home/albee/workspaces/astrobee-ws-reswarm/freeflyer-reswarm/develop/reswarm_msgs/reswarm_msgs_matlab/matlab_msg_gen_ros1/glnxa64/install/lib/python2.7/dist-packages/reswarm_msgs_matlab/srv/__init__.pyc
-- Installing: /home/albee/workspaces/astrobee-ws-reswarm/freeflyer-reswarm/develop/reswarm_msgs/reswarm_msgs_matlab/matlab_msg_gen_ros1/glnxa64/install/lib/python2.7/dist-packages/reswarm_msgs_matlab/srv/__init__.py
-- Installing: /home/albee/workspaces/astrobee-ws-reswarm/freeflyer-reswarm/develop/reswarm_msgs/reswarm_msgs_matlab/matlab_msg_gen_ros1/glnxa64/install/lib/python2.7/dist-packages/reswarm_msgs_matlab/srv/_ReswarmSrvMRPI.pyc
-- Installing: /home/albee/workspaces/astrobee-ws-reswarm/freeflyer-reswarm/develop/reswarm_msgs/reswarm_msgs_matlab/matlab_msg_gen_ros1/glnxa64/install/lib/python2.7/dist-packages/reswarm_msgs_matlab/srv/_ReswarmSrvMRPI.py
-- Installing: /home/albee/workspaces/astrobee-ws-reswarm/freeflyer-reswarm/develop/reswarm_msgs/reswarm_msgs_matlab/matlab_msg_gen_ros1/glnxa64/install/lib/pkgconfig/reswarm_msgs_matlab.pc
-- Installing: /home/albee/workspaces/astrobee-ws-reswarm/freeflyer-reswarm/develop/reswarm_msgs/reswarm_msgs_matlab/matlab_msg_gen_ros1/glnxa64/install/share/reswarm_msgs_matlab/cmake/reswarm_msgs_matlab-msg-extras.cmake
-- Installing: /home/albee/workspaces/astrobee-ws-reswarm/freeflyer-reswarm/develop/reswarm_msgs/reswarm_msgs_matlab/matlab_msg_gen_ros1/glnxa64/install/share/reswarm_msgs_matlab/cmake/reswarm_msgs_matlabConfig.cmake
-- Installing: /home/albee/workspaces/astrobee-ws-reswarm/freeflyer-reswarm/develop/reswarm_msgs/reswarm_msgs_matlab/matlab_msg_gen_ros1/glnxa64/install/share/reswarm_msgs_matlab/cmake/reswarm_msgs_matlabConfig-version.cmake
-- Installing: /home/albee/workspaces/astrobee-ws-reswarm/freeflyer-reswarm/develop/reswarm_msgs/reswarm_msgs_matlab/matlab_msg_gen_ros1/glnxa64/install/share/reswarm_msgs_matlab/package.xml
-- Up-to-date: /home/albee/workspaces/astrobee-ws-reswarm/freeflyer-reswarm/develop/reswarm_msgs/reswarm_msgs_matlab/matlab_msg_gen_ros1/glnxa64/install/include
-- Up-to-date: /home/albee/workspaces/astrobee-ws-reswarm/freeflyer-reswarm/develop/reswarm_msgs/reswarm_msgs_matlab/matlab_msg_gen_ros1/glnxa64/install/include/reswarm_msgs_matlab
-- Installing: /home/albee/workspaces/astrobee-ws-reswarm/freeflyer-reswarm/develop/reswarm_msgs/reswarm_msgs_matlab/matlab_msg_gen_ros1/glnxa64/install/include/reswarm_msgs_matlab/visibility_control.h
-- Installing: /home/albee/workspaces/astrobee-ws-reswarm/freeflyer-reswarm/develop/reswarm_msgs/reswarm_msgs_matlab/matlab_msg_gen_ros1/glnxa64/install/lib/libreswarm_msgs_matlab_matlab.so
-- Installing: /home/albee/workspaces/astrobee-ws-reswarm/freeflyer-reswarm/develop/reswarm_msgs/reswarm_msgs_matlab/matlab_msg_gen_ros1/glnxa64/install/m/
-- Installing: /home/albee/workspaces/astrobee-ws-reswarm/freeflyer-reswarm/develop/reswarm_msgs/reswarm_msgs_matlab/matlab_msg_gen_ros1/glnxa64/install/m//+ros
-- Installing: /home/albee/workspaces/astrobee-ws-reswarm/freeflyer-reswarm/develop/reswarm_msgs/reswarm_msgs_matlab/matlab_msg_gen_ros1/glnxa64/install/m//+ros/+internal
-- Installing: /home/albee/workspaces/astrobee-ws-reswarm/freeflyer-reswarm/develop/reswarm_msgs/reswarm_msgs_matlab/matlab_msg_gen_ros1/glnxa64/install/m//+ros/+internal/+ros
-- Installing: /home/albee/workspaces/astrobee-ws-reswarm/freeflyer-reswarm/develop/reswarm_msgs/reswarm_msgs_matlab/matlab_msg_gen_ros1/glnxa64/install/m//+ros/+internal/+ros/+custommessages
-- Installing: /home/albee/workspaces/astrobee-ws-reswarm/freeflyer-reswarm/develop/reswarm_msgs/reswarm_msgs_matlab/matlab_msg_gen_ros1/glnxa64/install/m//+ros/+internal/+ros/+custommessages/+reswarm_msgs_matlab
-- Installing: /home/albee/workspaces/astrobee-ws-reswarm/freeflyer-reswarm/develop/reswarm_msgs/reswarm_msgs_matlab/matlab_msg_gen_ros1/glnxa64/install/m//+ros/+internal/+ros/+custommessages/+reswarm_msgs_matlab/reswarmCasadiStatus.m
-- Installing: /home/albee/workspaces/astrobee-ws-reswarm/freeflyer-reswarm/develop/reswarm_msgs/reswarm_msgs_matlab/matlab_msg_gen_ros1/glnxa64/install/m//+ros/+internal/+ros/+custommessages/+reswarm_msgs_matlab/reswarmSrvMRPIResponse.m
-- Installing: /home/albee/workspaces/astrobee-ws-reswarm/freeflyer-reswarm/develop/reswarm_msgs/reswarm_msgs_matlab/matlab_msg_gen_ros1/glnxa64/install/m//+ros/+internal/+ros/+custommessages/+reswarm_msgs_matlab/reswarmPlannerStatus.m
-- Installing: /home/albee/workspaces/astrobee-ws-reswarm/freeflyer-reswarm/develop/reswarm_msgs/reswarm_msgs_matlab/matlab_msg_gen_ros1/glnxa64/install/m//+ros/+internal/+ros/+custommessages/+reswarm_msgs_matlab/reswarmCasadiDebug.m
-- Installing: /home/albee/workspaces/astrobee-ws-reswarm/freeflyer-reswarm/develop/reswarm_msgs/reswarm_msgs_matlab/matlab_msg_gen_ros1/glnxa64/install/m//+ros/+internal/+ros/+custommessages/+reswarm_msgs_matlab/reswarmTestNumber.m
-- Installing: /home/albee/workspaces/astrobee-ws-reswarm/freeflyer-reswarm/develop/reswarm_msgs/reswarm_msgs_matlab/matlab_msg_gen_ros1/glnxa64/install/m//+ros/+internal/+ros/+custommessages/+reswarm_msgs_matlab/reswarmInfoStatus.m
-- Installing: /home/albee/workspaces/astrobee-ws-reswarm/freeflyer-reswarm/develop/reswarm_msgs/reswarm_msgs_matlab/matlab_msg_gen_ros1/glnxa64/install/m//+ros/+internal/+ros/+custommessages/+reswarm_msgs_matlab/reswarmStatusSecondary.m
-- Installing: /home/albee/workspaces/astrobee-ws-reswarm/freeflyer-reswarm/develop/reswarm_msgs/reswarm_msgs_matlab/matlab_msg_gen_ros1/glnxa64/install/m//+ros/+internal/+ros/+custommessages/+reswarm_msgs_matlab/reswarmSrvMRPIRequest.m
-- Installing: /home/albee/workspaces/astrobee-ws-reswarm/freeflyer-reswarm/develop/reswarm_msgs/reswarm_msgs_matlab/matlab_msg_gen_ros1/glnxa64/install/m//+ros/+internal/+ros/+custommessages/+reswarm_msgs_matlab/reswarmMsgMRPI.m
-- Installing: /home/albee/workspaces/astrobee-ws-reswarm/freeflyer-reswarm/develop/reswarm_msgs/reswarm_msgs_matlab/matlab_msg_gen_ros1/glnxa64/install/m//+ros/+internal/+ros/+custommessages/+reswarm_msgs_matlab/reswarmStatusPrimary.m
-- Installing: /home/albee/workspaces/astrobee-ws-reswarm/freeflyer-reswarm/develop/reswarm_msgs/reswarm_msgs_matlab/matlab_msg_gen_ros1/glnxa64/install/m//+ros/+internal/+ros/+custommessages/+reswarm_msgs_matlab/reswarmUCBoundStatus.m
-- Installing: /home/albee/workspaces/astrobee-ws-reswarm/freeflyer-reswarm/develop/reswarm_msgs/reswarm_msgs_matlab/matlab_msg_gen_ros1/glnxa64/install/m//+ros/+msggen
-- Installing: /home/albee/workspaces/astrobee-ws-reswarm/freeflyer-reswarm/develop/reswarm_msgs/reswarm_msgs_matlab/matlab_msg_gen_ros1/glnxa64/install/m//+ros/+msggen/+reswarm_msgs_matlab
-- Installing: /home/albee/workspaces/astrobee-ws-reswarm/freeflyer-reswarm/develop/reswarm_msgs/reswarm_msgs_matlab/matlab_msg_gen_ros1/glnxa64/install/m//+ros/+msggen/+reswarm_msgs_matlab/ReswarmCasadiDebug.m
-- Installing: /home/albee/workspaces/astrobee-ws-reswarm/freeflyer-reswarm/develop/reswarm_msgs/reswarm_msgs_matlab/matlab_msg_gen_ros1/glnxa64/install/m//+ros/+msggen/+reswarm_msgs_matlab/ReswarmTestNumber.m
-- Installing: /home/albee/workspaces/astrobee-ws-reswarm/freeflyer-reswarm/develop/reswarm_msgs/reswarm_msgs_matlab/matlab_msg_gen_ros1/glnxa64/install/m//+ros/+msggen/+reswarm_msgs_matlab/ReswarmMsgMRPI.m
-- Installing: /home/albee/workspaces/astrobee-ws-reswarm/freeflyer-reswarm/develop/reswarm_msgs/reswarm_msgs_matlab/matlab_msg_gen_ros1/glnxa64/install/m//+ros/+msggen/+reswarm_msgs_matlab/ReswarmSrvMRPIRequest.m
-- Installing: /home/albee/workspaces/astrobee-ws-reswarm/freeflyer-reswarm/develop/reswarm_msgs/reswarm_msgs_matlab/matlab_msg_gen_ros1/glnxa64/install/m//+ros/+msggen/+reswarm_msgs_matlab/ReswarmInfoStatus.m
-- Installing: /home/albee/workspaces/astrobee-ws-reswarm/freeflyer-reswarm/develop/reswarm_msgs/reswarm_msgs_matlab/matlab_msg_gen_ros1/glnxa64/install/m//+ros/+msggen/+reswarm_msgs_matlab/ReswarmUCBoundStatus.m
-- Installing: /home/albee/workspaces/astrobee-ws-reswarm/freeflyer-reswarm/develop/reswarm_msgs/reswarm_msgs_matlab/matlab_msg_gen_ros1/glnxa64/install/m//+ros/+msggen/+reswarm_msgs_matlab/ReswarmCasadiStatus.m
-- Installing: /home/albee/workspaces/astrobee-ws-reswarm/freeflyer-reswarm/develop/reswarm_msgs/reswarm_msgs_matlab/matlab_msg_gen_ros1/glnxa64/install/m//+ros/+msggen/+reswarm_msgs_matlab/ReswarmStatusSecondary.m
-- Installing: /home/albee/workspaces/astrobee-ws-reswarm/freeflyer-reswarm/develop/reswarm_msgs/reswarm_msgs_matlab/matlab_msg_gen_ros1/glnxa64/install/m//+ros/+msggen/+reswarm_msgs_matlab/ReswarmStatusPrimary.m
-- Installing: /home/albee/workspaces/astrobee-ws-reswarm/freeflyer-reswarm/develop/reswarm_msgs/reswarm_msgs_matlab/matlab_msg_gen_ros1/glnxa64/install/m//+ros/+msggen/+reswarm_msgs_matlab/ReswarmPlannerStatus.m
-- Installing: /home/albee/workspaces/astrobee-ws-reswarm/freeflyer-reswarm/develop/reswarm_msgs/reswarm_msgs_matlab/matlab_msg_gen_ros1/glnxa64/install/m//+ros/+msggen/+reswarm_msgs_matlab/ReswarmSrvMRPIResponse.m
Base path: /home/albee/workspaces/astrobee-ws-reswarm/freeflyer-reswarm/develop/reswarm_msgs/reswarm_msgs_matlab/matlab_msg_gen_ros1/glnxa64
Source space: /home/albee/workspaces/astrobee-ws-reswarm/freeflyer-reswarm/develop/reswarm_msgs/reswarm_msgs_matlab/matlab_msg_gen_ros1/glnxa64/src
Build space: /home/albee/workspaces/astrobee-ws-reswarm/freeflyer-reswarm/develop/reswarm_msgs/reswarm_msgs_matlab/matlab_msg_gen_ros1/glnxa64/build
Devel space: /home/albee/workspaces/astrobee-ws-reswarm/freeflyer-reswarm/develop/reswarm_msgs/reswarm_msgs_matlab/matlab_msg_gen_ros1/glnxa64/devel
Install space: /home/albee/workspaces/astrobee-ws-reswarm/freeflyer-reswarm/develop/reswarm_msgs/reswarm_msgs_matlab/matlab_msg_gen_ros1/glnxa64/install
Creating symlink "/home/albee/workspaces/astrobee-ws-reswarm/freeflyer-reswarm/develop/reswarm_msgs/reswarm_msgs_matlab/matlab_msg_gen_ros1/glnxa64/src/CMakeLists.txt" pointing to "/usr/local/MATLAB/R2021a/sys/ros1/glnxa64/ros1/share/catkin/cmake/toplevel.cmake"
####
#### Running command: "cmake /home/albee/workspaces/astrobee-ws-reswarm/freeflyer-reswarm/develop/reswarm_msgs/reswarm_msgs_matlab/matlab_msg_gen_ros1/glnxa64/src -DBoost_NAMESPACE=mwboost -DCATKIN_ENABLE_TESTING=off -DCMAKE_PREFIX_PATH=/usr/local/MATLAB/R2021a/sys/ros1/glnxa64/ros1;/usr/local/MATLAB/R2021a/toolbox/ros/mlroscpp/custom_messages -DCMAKE_BUILD_TYPE=Release -DCMAKE_CXX_FLAGS_RELEASE=-O0 -DCATKIN_DEVEL_PREFIX=/home/albee/workspaces/astrobee-ws-reswarm/freeflyer-reswarm/develop/reswarm_msgs/reswarm_msgs_matlab/matlab_msg_gen_ros1/glnxa64/devel -DCMAKE_INSTALL_PREFIX=/home/albee/workspaces/astrobee-ws-reswarm/freeflyer-reswarm/develop/reswarm_msgs/reswarm_msgs_matlab/matlab_msg_gen_ros1/glnxa64/install -G Ninja" in "/home/albee/workspaces/astrobee-ws-reswarm/freeflyer-reswarm/develop/reswarm_msgs/reswarm_msgs_matlab/matlab_msg_gen_ros1/glnxa64/build"
####
####
#### Running command: "ninja install install -j12 -l12" in "/home/albee/workspaces/astrobee-ws-reswarm/freeflyer-reswarm/develop/reswarm_msgs/reswarm_msgs_matlab/matlab_msg_gen_ros1/glnxa64/build"
####
