ROS_DISTRO was set to 'kinetic' before. Please make sure that the environment does not mix paths from different distributions.
CMake Warning (dev) in CMakeLists.txt:
  No project() command is present.  The top-level CMakeLists.txt file must
  contain a literal, direct call to the project() command.  Add a line of
  code such as

    project(ProjectName)

  near the top of the file, but after cmake_minimum_required().

  CMake is pretending there is a "project(Project)" command on the first
  line.
This warning is for project developers.  Use -Wno-dev to suppress it.

CMake Deprecation Warning at CMakeLists.txt:4 (cmake_minimum_required):
  Compatibility with CMake < 2.8.12 will be removed from a future version of
  CMake.

  Update the VERSION argument <min> value or use a ...<max> suffix to tell
  CMake that the project does not need compatibility with older versions.


-- Using CATKIN_DEVEL_PREFIX: /home/albee/workspaces/astrobee-ws-reswarm/freeflyer-reswarm/develop/reswarm_msgs/reswarm_msgs_matlab/matlab_msg_gen_ros1/glnxa64/devel
-- Using CMAKE_PREFIX_PATH: /usr/local/MATLAB/R2021a/sys/ros1/glnxa64/ros1;/usr/local/MATLAB/R2021a/toolbox/ros/mlroscpp/custom_messages
-- This workspace overlays: /usr/local/MATLAB/R2021a/sys/ros1/glnxa64/ros1;/usr/local/MATLAB/R2021a/toolbox/ros/mlroscpp/custom_messages
-- Using PYTHON_EXECUTABLE: /home/albee/.matlab/R2021a/ros1/glnxa64/venv/bin/python2
-- Using Debian Python package layout
-- Using empy: /usr/bin/empy
-- Using CATKIN_ENABLE_TESTING: off
-- catkin 0.7.17
-- BUILD_SHARED_LIBS is on
-- BUILD_SHARED_LIBS is on
-- ~~~~~~~~~~~~~~~~~~~~~~~~~~~~~~~~~~~~~~~~~~~~~~~~~
-- ~~  traversing 2 packages in topological order:
-- ~~  - reswarm_msgs
-- ~~  - reswarm_msgs_matlab
-- ~~~~~~~~~~~~~~~~~~~~~~~~~~~~~~~~~~~~~~~~~~~~~~~~~
-- +++ processing catkin package: 'reswarm_msgs'
-- ==> add_subdirectory(reswarm_msgs)
-- Disabling the following message generators: geneus;genlisp;gennodejs
-- Using these message generators: gencpp;genpy
-- reswarm_msgs: 9 messages, 1 services
-- +++ processing catkin package: 'reswarm_msgs_matlab'
-- ==> add_subdirectory(reswarm_msgs_matlab)
-- Disabling the following message generators: geneus;genlisp;gennodejs
-- Using these message generators: gencpp;genpy
-- reswarm_msgs_matlab: 9 messages, 1 services
-- Configuring done
-- Generating done
-- Build files have been written to: /home/albee/workspaces/astrobee-ws-reswarm/freeflyer-reswarm/develop/reswarm_msgs/reswarm_msgs_matlab/matlab_msg_gen_ros1/glnxa64/build
[0/1] Re-running CMake...
CMake Warning (dev) in CMakeLists.txt:
  No project() command is present.  The top-level CMakeLists.txt file must
  contain a literal, direct call to the project() command.  Add a line of
  code such as

    project(ProjectName)

  near the top of the file, but after cmake_minimum_required().

  CMake is pretending there is a "project(Project)" command on the first
  line.
This warning is for project developers.  Use -Wno-dev to suppress it.

CMake Deprecation Warning at CMakeLists.txt:4 (cmake_minimum_required):
  Compatibility with CMake < 2.8.12 will be removed from a future version of
  CMake.

  Update the VERSION argument <min> value or use a ...<max> suffix to tell
  CMake that the project does not need compatibility with older versions.


-- Using CATKIN_DEVEL_PREFIX: /home/albee/workspaces/astrobee-ws-reswarm/freeflyer-reswarm/develop/reswarm_msgs/reswarm_msgs_matlab/matlab_msg_gen_ros1/glnxa64/devel
-- Using CMAKE_PREFIX_PATH: /usr/local/MATLAB/R2021a/sys/ros1/glnxa64/ros1;/usr/local/MATLAB/R2021a/toolbox/ros/mlroscpp/custom_messages
-- This workspace overlays: /usr/local/MATLAB/R2021a/sys/ros1/glnxa64/ros1;/usr/local/MATLAB/R2021a/toolbox/ros/mlroscpp/custom_messages
-- Using PYTHON_EXECUTABLE: /home/albee/.matlab/R2021a/ros1/glnxa64/venv/bin/python2
-- Using Debian Python package layout
-- Using empy: /usr/bin/empy
-- Using CATKIN_ENABLE_TESTING: off
-- catkin 0.7.17
-- BUILD_SHARED_LIBS is on
-- BUILD_SHARED_LIBS is on
-- ~~~~~~~~~~~~~~~~~~~~~~~~~~~~~~~~~~~~~~~~~~~~~~~~~
-- ~~  traversing 2 packages in topological order:
-- ~~  - reswarm_msgs
-- ~~  - reswarm_msgs_matlab
-- ~~~~~~~~~~~~~~~~~~~~~~~~~~~~~~~~~~~~~~~~~~~~~~~~~
-- +++ processing catkin package: 'reswarm_msgs'
-- ==> add_subdirectory(reswarm_msgs)
-- Disabling the following message generators: geneus;genlisp;gennodejs
-- Using these message generators: gencpp;genpy
-- reswarm_msgs: 9 messages, 1 services
-- +++ processing catkin package: 'reswarm_msgs_matlab'
-- ==> add_subdirectory(reswarm_msgs_matlab)
-- Disabling the following message generators: geneus;genlisp;gennodejs
-- Using these message generators: gencpp;genpy
-- reswarm_msgs_matlab: 9 messages, 1 services
-- Configuring done
-- Generating done
-- Build files have been written to: /home/albee/workspaces/astrobee-ws-reswarm/freeflyer-reswarm/develop/reswarm_msgs/reswarm_msgs_matlab/matlab_msg_gen_ros1/glnxa64/build
[1/54] cd /home/albee/workspaces/astrobee-ws-reswarm/freeflyer-reswarm/develop/reswarm_msgs/reswarm_msgs_matlab/matlab_msg_gen_ros1/glnxa64/build/reswarm_msgs && /home/albee/workspaces/astrobee-ws-reswarm/freeflyer-reswarm/develop/reswarm_msgs/reswarm_msgs_matlab/matlab_msg_gen_ros1/glnxa64/build/catkin_generated/env_cached.sh /home/albee/.matlab/R2021a/ros1/glnxa64/venv/bin/python2 /usr/local/MATLAB/R2021a/sys/ros1/glnxa64/ros1/share/genmsg/cmake/../../../lib/genmsg/genmsg_check_deps.py reswarm_msgs /home/albee/workspaces/astrobee-ws-reswarm/freeflyer-reswarm/develop/reswarm_msgs/reswarm_msgs_matlab/matlab_msg_gen_ros1/glnxa64/src/reswarm_msgs/srv/ReswarmSrvMRPI.srv std_msgs/Float64MultiArray:std_msgs/MultiArrayDimension:std_msgs/MultiArrayLayout
[2/54] cd /home/albee/workspaces/astrobee-ws-reswarm/freeflyer-reswarm/develop/reswarm_msgs/reswarm_msgs_matlab/matlab_msg_gen_ros1/glnxa64/build/reswarm_msgs && /home/albee/workspaces/astrobee-ws-reswarm/freeflyer-reswarm/develop/reswarm_msgs/reswarm_msgs_matlab/matlab_msg_gen_ros1/glnxa64/build/catkin_generated/env_cached.sh /home/albee/.matlab/R2021a/ros1/glnxa64/venv/bin/python2 /usr/local/MATLAB/R2021a/sys/ros1/glnxa64/ros1/share/genmsg/cmake/../../../lib/genmsg/genmsg_check_deps.py reswarm_msgs /home/albee/workspaces/astrobee-ws-reswarm/freeflyer-reswarm/develop/reswarm_msgs/reswarm_msgs_matlab/matlab_msg_gen_ros1/glnxa64/src/reswarm_msgs/msg/ReswarmTestNumber.msg
[3/54] cd /home/albee/workspaces/astrobee-ws-reswarm/freeflyer-reswarm/develop/reswarm_msgs/reswarm_msgs_matlab/matlab_msg_gen_ros1/glnxa64/build/reswarm_msgs && /home/albee/workspaces/astrobee-ws-reswarm/freeflyer-reswarm/develop/reswarm_msgs/reswarm_msgs_matlab/matlab_msg_gen_ros1/glnxa64/build/catkin_generated/env_cached.sh /home/albee/.matlab/R2021a/ros1/glnxa64/venv/bin/python2 /usr/local/MATLAB/R2021a/sys/ros1/glnxa64/ros1/share/genmsg/cmake/../../../lib/genmsg/genmsg_check_deps.py reswarm_msgs /home/albee/workspaces/astrobee-ws-reswarm/freeflyer-reswarm/develop/reswarm_msgs/reswarm_msgs_matlab/matlab_msg_gen_ros1/glnxa64/src/reswarm_msgs/msg/ReswarmUCBoundStatus.msg
[4/54] cd /home/albee/workspaces/astrobee-ws-reswarm/freeflyer-reswarm/develop/reswarm_msgs/reswarm_msgs_matlab/matlab_msg_gen_ros1/glnxa64/build/reswarm_msgs_matlab && /home/albee/workspaces/astrobee-ws-reswarm/freeflyer-reswarm/develop/reswarm_msgs/reswarm_msgs_matlab/matlab_msg_gen_ros1/glnxa64/build/catkin_generated/env_cached.sh /home/albee/.matlab/R2021a/ros1/glnxa64/venv/bin/python2 /usr/local/MATLAB/R2021a/sys/ros1/glnxa64/ros1/share/genmsg/cmake/../../../lib/genmsg/genmsg_check_deps.py reswarm_msgs_matlab /home/albee/workspaces/astrobee-ws-reswarm/freeflyer-reswarm/develop/reswarm_msgs/reswarm_msgs_matlab/matlab_msg_gen_ros1/glnxa64/src/reswarm_msgs_matlab/msg/ReswarmInfoStatus.msg
[5/54] cd /home/albee/workspaces/astrobee-ws-reswarm/freeflyer-reswarm/develop/reswarm_msgs/reswarm_msgs_matlab/matlab_msg_gen_ros1/glnxa64/build/reswarm_msgs && /home/albee/workspaces/astrobee-ws-reswarm/freeflyer-reswarm/develop/reswarm_msgs/reswarm_msgs_matlab/matlab_msg_gen_ros1/glnxa64/build/catkin_generated/env_cached.sh /home/albee/.matlab/R2021a/ros1/glnxa64/venv/bin/python2 /usr/local/MATLAB/R2021a/sys/ros1/glnxa64/ros1/share/genmsg/cmake/../../../lib/genmsg/genmsg_check_deps.py reswarm_msgs /home/albee/workspaces/astrobee-ws-reswarm/freeflyer-reswarm/develop/reswarm_msgs/reswarm_msgs_matlab/matlab_msg_gen_ros1/glnxa64/src/reswarm_msgs/msg/ReswarmPlannerStatus.msg
[6/54] cd /home/albee/workspaces/astrobee-ws-reswarm/freeflyer-reswarm/develop/reswarm_msgs/reswarm_msgs_matlab/matlab_msg_gen_ros1/glnxa64/build/reswarm_msgs && /home/albee/workspaces/astrobee-ws-reswarm/freeflyer-reswarm/develop/reswarm_msgs/reswarm_msgs_matlab/matlab_msg_gen_ros1/glnxa64/build/catkin_generated/env_cached.sh /home/albee/.matlab/R2021a/ros1/glnxa64/venv/bin/python2 /usr/local/MATLAB/R2021a/sys/ros1/glnxa64/ros1/share/genmsg/cmake/../../../lib/genmsg/genmsg_check_deps.py reswarm_msgs /home/albee/workspaces/astrobee-ws-reswarm/freeflyer-reswarm/develop/reswarm_msgs/reswarm_msgs_matlab/matlab_msg_gen_ros1/glnxa64/src/reswarm_msgs/msg/ReswarmInfoStatus.msg
[7/54] cd /home/albee/workspaces/astrobee-ws-reswarm/freeflyer-reswarm/develop/reswarm_msgs/reswarm_msgs_matlab/matlab_msg_gen_ros1/glnxa64/build/reswarm_msgs && /home/albee/workspaces/astrobee-ws-reswarm/freeflyer-reswarm/develop/reswarm_msgs/reswarm_msgs_matlab/matlab_msg_gen_ros1/glnxa64/build/catkin_generated/env_cached.sh /home/albee/.matlab/R2021a/ros1/glnxa64/venv/bin/python2 /usr/local/MATLAB/R2021a/sys/ros1/glnxa64/ros1/share/genmsg/cmake/../../../lib/genmsg/genmsg_check_deps.py reswarm_msgs /home/albee/workspaces/astrobee-ws-reswarm/freeflyer-reswarm/develop/reswarm_msgs/reswarm_msgs_matlab/matlab_msg_gen_ros1/glnxa64/src/reswarm_msgs/msg/ReswarmStatusSecondary.msg
[8/54] cd /home/albee/workspaces/astrobee-ws-reswarm/freeflyer-reswarm/develop/reswarm_msgs/reswarm_msgs_matlab/matlab_msg_gen_ros1/glnxa64/build/reswarm_msgs_matlab && /home/albee/workspaces/astrobee-ws-reswarm/freeflyer-reswarm/develop/reswarm_msgs/reswarm_msgs_matlab/matlab_msg_gen_ros1/glnxa64/build/catkin_generated/env_cached.sh /home/albee/.matlab/R2021a/ros1/glnxa64/venv/bin/python2 /usr/local/MATLAB/R2021a/sys/ros1/glnxa64/ros1/share/genmsg/cmake/../../../lib/genmsg/genmsg_check_deps.py reswarm_msgs_matlab /home/albee/workspaces/astrobee-ws-reswarm/freeflyer-reswarm/develop/reswarm_msgs/reswarm_msgs_matlab/matlab_msg_gen_ros1/glnxa64/src/reswarm_msgs_matlab/srv/ReswarmSrvMRPI.srv std_msgs/Float64MultiArray:std_msgs/MultiArrayDimension:std_msgs/MultiArrayLayout
[9/54] cd /home/albee/workspaces/astrobee-ws-reswarm/freeflyer-reswarm/develop/reswarm_msgs/reswarm_msgs_matlab/matlab_msg_gen_ros1/glnxa64/build/reswarm_msgs && /home/albee/workspaces/astrobee-ws-reswarm/freeflyer-reswarm/develop/reswarm_msgs/reswarm_msgs_matlab/matlab_msg_gen_ros1/glnxa64/build/catkin_generated/env_cached.sh /home/albee/.matlab/R2021a/ros1/glnxa64/venv/bin/python2 /usr/local/MATLAB/R2021a/sys/ros1/glnxa64/ros1/share/genmsg/cmake/../../../lib/genmsg/genmsg_check_deps.py reswarm_msgs /home/albee/workspaces/astrobee-ws-reswarm/freeflyer-reswarm/develop/reswarm_msgs/reswarm_msgs_matlab/matlab_msg_gen_ros1/glnxa64/src/reswarm_msgs/msg/ReswarmStatusPrimary.msg
[10/54] cd /home/albee/workspaces/astrobee-ws-reswarm/freeflyer-reswarm/develop/reswarm_msgs/reswarm_msgs_matlab/matlab_msg_gen_ros1/glnxa64/build/reswarm_msgs && /home/albee/workspaces/astrobee-ws-reswarm/freeflyer-reswarm/develop/reswarm_msgs/reswarm_msgs_matlab/matlab_msg_gen_ros1/glnxa64/build/catkin_generated/env_cached.sh /home/albee/.matlab/R2021a/ros1/glnxa64/venv/bin/python2 /usr/local/MATLAB/R2021a/sys/ros1/glnxa64/ros1/share/genmsg/cmake/../../../lib/genmsg/genmsg_check_deps.py reswarm_msgs /home/albee/workspaces/astrobee-ws-reswarm/freeflyer-reswarm/develop/reswarm_msgs/reswarm_msgs_matlab/matlab_msg_gen_ros1/glnxa64/src/reswarm_msgs/msg/ReswarmCasadiStatus.msg
[11/54] cd /home/albee/workspaces/astrobee-ws-reswarm/freeflyer-reswarm/develop/reswarm_msgs/reswarm_msgs_matlab/matlab_msg_gen_ros1/glnxa64/build/reswarm_msgs && /home/albee/workspaces/astrobee-ws-reswarm/freeflyer-reswarm/develop/reswarm_msgs/reswarm_msgs_matlab/matlab_msg_gen_ros1/glnxa64/build/catkin_generated/env_cached.sh /home/albee/.matlab/R2021a/ros1/glnxa64/venv/bin/python2 /usr/local/MATLAB/R2021a/sys/ros1/glnxa64/ros1/share/genmsg/cmake/../../../lib/genmsg/genmsg_check_deps.py reswarm_msgs /home/albee/workspaces/astrobee-ws-reswarm/freeflyer-reswarm/develop/reswarm_msgs/reswarm_msgs_matlab/matlab_msg_gen_ros1/glnxa64/src/reswarm_msgs/msg/ReswarmMsgMRPI.msg std_msgs/Float64MultiArray:std_msgs/MultiArrayDimension:std_msgs/Bool:std_msgs/MultiArrayLayout
[12/54] cd /home/albee/workspaces/astrobee-ws-reswarm/freeflyer-reswarm/develop/reswarm_msgs/reswarm_msgs_matlab/matlab_msg_gen_ros1/glnxa64/build/reswarm_msgs && /home/albee/workspaces/astrobee-ws-reswarm/freeflyer-reswarm/develop/reswarm_msgs/reswarm_msgs_matlab/matlab_msg_gen_ros1/glnxa64/build/catkin_generated/env_cached.sh /home/albee/.matlab/R2021a/ros1/glnxa64/venv/bin/python2 /usr/local/MATLAB/R2021a/sys/ros1/glnxa64/ros1/share/genmsg/cmake/../../../lib/genmsg/genmsg_check_deps.py reswarm_msgs /home/albee/workspaces/astrobee-ws-reswarm/freeflyer-reswarm/develop/reswarm_msgs/reswarm_msgs_matlab/matlab_msg_gen_ros1/glnxa64/src/reswarm_msgs/msg/ReswarmCasadiDebug.msg geometry_msgs/Wrench:std_msgs/MultiArrayDimension:std_msgs/Float64MultiArray:geometry_msgs/Vector3:std_msgs/Float64:geometry_msgs/Point:std_msgs/Header:std_msgs/MultiArrayLayout:std_msgs/String
[13/54] cd /home/albee/workspaces/astrobee-ws-reswarm/freeflyer-reswarm/develop/reswarm_msgs/reswarm_msgs_matlab/matlab_msg_gen_ros1/glnxa64/build/reswarm_msgs_matlab && /home/albee/workspaces/astrobee-ws-reswarm/freeflyer-reswarm/develop/reswarm_msgs/reswarm_msgs_matlab/matlab_msg_gen_ros1/glnxa64/build/catkin_generated/env_cached.sh /home/albee/.matlab/R2021a/ros1/glnxa64/venv/bin/python2 /usr/local/MATLAB/R2021a/sys/ros1/glnxa64/ros1/share/genmsg/cmake/../../../lib/genmsg/genmsg_check_deps.py reswarm_msgs_matlab /home/albee/workspaces/astrobee-ws-reswarm/freeflyer-reswarm/develop/reswarm_msgs/reswarm_msgs_matlab/matlab_msg_gen_ros1/glnxa64/src/reswarm_msgs_matlab/msg/ReswarmCasadiStatus.msg
[14/54] cd /home/albee/workspaces/astrobee-ws-reswarm/freeflyer-reswarm/develop/reswarm_msgs/reswarm_msgs_matlab/matlab_msg_gen_ros1/glnxa64/build/reswarm_msgs_matlab && /home/albee/workspaces/astrobee-ws-reswarm/freeflyer-reswarm/develop/reswarm_msgs/reswarm_msgs_matlab/matlab_msg_gen_ros1/glnxa64/build/catkin_generated/env_cached.sh /home/albee/.matlab/R2021a/ros1/glnxa64/venv/bin/python2 /usr/local/MATLAB/R2021a/sys/ros1/glnxa64/ros1/share/genmsg/cmake/../../../lib/genmsg/genmsg_check_deps.py reswarm_msgs_matlab /home/albee/workspaces/astrobee-ws-reswarm/freeflyer-reswarm/develop/reswarm_msgs/reswarm_msgs_matlab/matlab_msg_gen_ros1/glnxa64/src/reswarm_msgs_matlab/msg/ReswarmUCBoundStatus.msg
[15/54] cd /home/albee/workspaces/astrobee-ws-reswarm/freeflyer-reswarm/develop/reswarm_msgs/reswarm_msgs_matlab/matlab_msg_gen_ros1/glnxa64/build/reswarm_msgs_matlab && /home/albee/workspaces/astrobee-ws-reswarm/freeflyer-reswarm/develop/reswarm_msgs/reswarm_msgs_matlab/matlab_msg_gen_ros1/glnxa64/build/catkin_generated/env_cached.sh /home/albee/.matlab/R2021a/ros1/glnxa64/venv/bin/python2 /usr/local/MATLAB/R2021a/sys/ros1/glnxa64/ros1/share/genmsg/cmake/../../../lib/genmsg/genmsg_check_deps.py reswarm_msgs_matlab /home/albee/workspaces/astrobee-ws-reswarm/freeflyer-reswarm/develop/reswarm_msgs/reswarm_msgs_matlab/matlab_msg_gen_ros1/glnxa64/src/reswarm_msgs_matlab/msg/ReswarmStatusSecondary.msg
[16/54] cd /home/albee/workspaces/astrobee-ws-reswarm/freeflyer-reswarm/develop/reswarm_msgs/reswarm_msgs_matlab/matlab_msg_gen_ros1/glnxa64/build/reswarm_msgs_matlab && /home/albee/workspaces/astrobee-ws-reswarm/freeflyer-reswarm/develop/reswarm_msgs/reswarm_msgs_matlab/matlab_msg_gen_ros1/glnxa64/build/catkin_generated/env_cached.sh /home/albee/.matlab/R2021a/ros1/glnxa64/venv/bin/python2 /usr/local/MATLAB/R2021a/sys/ros1/glnxa64/ros1/share/genmsg/cmake/../../../lib/genmsg/genmsg_check_deps.py reswarm_msgs_matlab /home/albee/workspaces/astrobee-ws-reswarm/freeflyer-reswarm/develop/reswarm_msgs/reswarm_msgs_matlab/matlab_msg_gen_ros1/glnxa64/src/reswarm_msgs_matlab/msg/ReswarmTestNumber.msg
[17/54] cd /home/albee/workspaces/astrobee-ws-reswarm/freeflyer-reswarm/develop/reswarm_msgs/reswarm_msgs_matlab/matlab_msg_gen_ros1/glnxa64/build/reswarm_msgs_matlab && /home/albee/workspaces/astrobee-ws-reswarm/freeflyer-reswarm/develop/reswarm_msgs/reswarm_msgs_matlab/matlab_msg_gen_ros1/glnxa64/build/catkin_generated/env_cached.sh /home/albee/.matlab/R2021a/ros1/glnxa64/venv/bin/python2 /usr/local/MATLAB/R2021a/sys/ros1/glnxa64/ros1/share/genmsg/cmake/../../../lib/genmsg/genmsg_check_deps.py reswarm_msgs_matlab /home/albee/workspaces/astrobee-ws-reswarm/freeflyer-reswarm/develop/reswarm_msgs/reswarm_msgs_matlab/matlab_msg_gen_ros1/glnxa64/src/reswarm_msgs_matlab/msg/ReswarmMsgMRPI.msg std_msgs/Float64MultiArray:std_msgs/MultiArrayDimension:std_msgs/Bool:std_msgs/MultiArrayLayout
[18/54] cd /home/albee/workspaces/astrobee-ws-reswarm/freeflyer-reswarm/develop/reswarm_msgs/reswarm_msgs_matlab/matlab_msg_gen_ros1/glnxa64/build/reswarm_msgs_matlab && /home/albee/workspaces/astrobee-ws-reswarm/freeflyer-reswarm/develop/reswarm_msgs/reswarm_msgs_matlab/matlab_msg_gen_ros1/glnxa64/build/catkin_generated/env_cached.sh /home/albee/.matlab/R2021a/ros1/glnxa64/venv/bin/python2 /usr/local/MATLAB/R2021a/sys/ros1/glnxa64/ros1/share/genmsg/cmake/../../../lib/genmsg/genmsg_check_deps.py reswarm_msgs_matlab /home/albee/workspaces/astrobee-ws-reswarm/freeflyer-reswarm/develop/reswarm_msgs/reswarm_msgs_matlab/matlab_msg_gen_ros1/glnxa64/src/reswarm_msgs_matlab/msg/ReswarmPlannerStatus.msg
[19/54] cd /home/albee/workspaces/astrobee-ws-reswarm/freeflyer-reswarm/develop/reswarm_msgs/reswarm_msgs_matlab/matlab_msg_gen_ros1/glnxa64/build/reswarm_msgs_matlab && /home/albee/workspaces/astrobee-ws-reswarm/freeflyer-reswarm/develop/reswarm_msgs/reswarm_msgs_matlab/matlab_msg_gen_ros1/glnxa64/build/catkin_generated/env_cached.sh /home/albee/.matlab/R2021a/ros1/glnxa64/venv/bin/python2 /usr/local/MATLAB/R2021a/sys/ros1/glnxa64/ros1/share/genmsg/cmake/../../../lib/genmsg/genmsg_check_deps.py reswarm_msgs_matlab /home/albee/workspaces/astrobee-ws-reswarm/freeflyer-reswarm/develop/reswarm_msgs/reswarm_msgs_matlab/matlab_msg_gen_ros1/glnxa64/src/reswarm_msgs_matlab/msg/ReswarmCasadiDebug.msg geometry_msgs/Wrench:std_msgs/MultiArrayDimension:std_msgs/Float64MultiArray:geometry_msgs/Vector3:std_msgs/Float64:geometry_msgs/Point:std_msgs/Header:std_msgs/MultiArrayLayout:std_msgs/String
[20/54] cd /home/albee/workspaces/astrobee-ws-reswarm/freeflyer-reswarm/develop/reswarm_msgs/reswarm_msgs_matlab/matlab_msg_gen_ros1/glnxa64/build/reswarm_msgs_matlab && /home/albee/workspaces/astrobee-ws-reswarm/freeflyer-reswarm/develop/reswarm_msgs/reswarm_msgs_matlab/matlab_msg_gen_ros1/glnxa64/build/catkin_generated/env_cached.sh /home/albee/.matlab/R2021a/ros1/glnxa64/venv/bin/python2 /usr/local/MATLAB/R2021a/sys/ros1/glnxa64/ros1/share/genmsg/cmake/../../../lib/genmsg/genmsg_check_deps.py reswarm_msgs_matlab /home/albee/workspaces/astrobee-ws-reswarm/freeflyer-reswarm/develop/reswarm_msgs/reswarm_msgs_matlab/matlab_msg_gen_ros1/glnxa64/src/reswarm_msgs_matlab/msg/ReswarmStatusPrimary.msg
[21/54] Generating Python from MSG reswarm_msgs/ReswarmCasadiStatus
[22/54] Generating Python from MSG reswarm_msgs/ReswarmCasadiDebug
[23/54] Generating C++ code from reswarm_msgs/ReswarmCasadiStatus.msg
[24/54] Generating C++ code from reswarm_msgs/ReswarmStatusPrimary.msg
[25/54] Generating C++ code from reswarm_msgs/ReswarmCasadiDebug.msg
[26/54] Generating C++ code from reswarm_msgs/ReswarmPlannerStatus.msg
[27/54] Generating C++ code from reswarm_msgs/ReswarmMsgMRPI.msg
[28/54] Generating C++ code from reswarm_msgs/ReswarmTestNumber.msg
[29/54] Generating C++ code from reswarm_msgs/ReswarmUCBoundStatus.msg
[30/54] Generating C++ code from reswarm_msgs/ReswarmStatusSecondary.msg
[31/54] Generating C++ code from reswarm_msgs/ReswarmInfoStatus.msg
[32/54] Generating Python from MSG reswarm_msgs/ReswarmPlannerStatus
[33/54] Generating C++ code from reswarm_msgs/ReswarmSrvMRPI.srv
[34/54] Generating Python from MSG reswarm_msgs/ReswarmInfoStatus
[35/54] Generating Python from MSG reswarm_msgs/ReswarmStatusPrimary
[36/54] Generating Python from MSG reswarm_msgs/ReswarmMsgMRPI
[37/54] Generating Python from MSG reswarm_msgs/ReswarmStatusSecondary
[38/54] Generating Python code from SRV reswarm_msgs/ReswarmSrvMRPI
[39/54] Generating Python from MSG reswarm_msgs/ReswarmUCBoundStatus
[40/54] Generating Python from MSG reswarm_msgs/ReswarmTestNumber
[41/54] Generating Python msg __init__.py for reswarm_msgs
[42/54] Generating Python srv __init__.py for reswarm_msgs
[43/54] Building CXX object reswarm_msgs/CMakeFiles/reswarm_msgs_matlab.dir/src/reswarm_msgs_ReswarmInfoStatus_message.cpp.o
[44/54] Building CXX object reswarm_msgs/CMakeFiles/reswarm_msgs_matlab.dir/src/reswarm_msgs_ReswarmMsgMRPI_message.cpp.o
[45/54] Building CXX object reswarm_msgs/CMakeFiles/reswarm_msgs_matlab.dir/src/reswarm_msgs_ReswarmUCBoundStatus_message.cpp.o
[46/54] Building CXX object reswarm_msgs/CMakeFiles/reswarm_msgs_matlab.dir/src/reswarm_msgs_ReswarmPlannerStatus_message.cpp.o
[47/54] Building CXX object reswarm_msgs/CMakeFiles/reswarm_msgs_matlab.dir/src/reswarm_msgs_ReswarmStatusSecondary_message.cpp.o
[48/54] Building CXX object reswarm_msgs/CMakeFiles/reswarm_msgs_matlab.dir/src/reswarm_msgs_ReswarmStatusPrimary_message.cpp.o
[49/54] Building CXX object reswarm_msgs/CMakeFiles/reswarm_msgs_matlab.dir/src/reswarm_msgs_ReswarmTestNumber_message.cpp.o
[50/54] Building CXX object reswarm_msgs/CMakeFiles/reswarm_msgs_matlab.dir/src/reswarm_msgs_ReswarmCasadiStatus_message.cpp.o
[51/54] Building CXX object reswarm_msgs/CMakeFiles/reswarm_msgs_matlab.dir/src/reswarm_msgs_ReswarmCasadiDebug_message.cpp.o
[52/54] Building CXX object reswarm_msgs/CMakeFiles/reswarm_msgs_matlab.dir/src/reswarm_msgs_ReswarmSrvMRPI_service.cpp.o
[53/54] Linking CXX shared library /home/albee/workspaces/astrobee-ws-reswarm/freeflyer-reswarm/develop/reswarm_msgs/reswarm_msgs_matlab/matlab_msg_gen_ros1/glnxa64/devel/lib/libreswarm_msgs_matlab.so
[53/54] Install the project...
-- Install configuration: "Release"
-- Installing: /home/albee/workspaces/astrobee-ws-reswarm/freeflyer-reswarm/develop/reswarm_msgs/reswarm_msgs_matlab/matlab_msg_gen_ros1/glnxa64/install/_setup_util.py
-- Up-to-date: /home/albee/workspaces/astrobee-ws-reswarm/freeflyer-reswarm/develop/reswarm_msgs/reswarm_msgs_matlab/matlab_msg_gen_ros1/glnxa64/install/env.sh
-- Up-to-date: /home/albee/workspaces/astrobee-ws-reswarm/freeflyer-reswarm/develop/reswarm_msgs/reswarm_msgs_matlab/matlab_msg_gen_ros1/glnxa64/install/setup.bash
-- Up-to-date: /home/albee/workspaces/astrobee-ws-reswarm/freeflyer-reswarm/develop/reswarm_msgs/reswarm_msgs_matlab/matlab_msg_gen_ros1/glnxa64/install/local_setup.bash
-- Up-to-date: /home/albee/workspaces/astrobee-ws-reswarm/freeflyer-reswarm/develop/reswarm_msgs/reswarm_msgs_matlab/matlab_msg_gen_ros1/glnxa64/install/setup.sh
-- Up-to-date: /home/albee/workspaces/astrobee-ws-reswarm/freeflyer-reswarm/develop/reswarm_msgs/reswarm_msgs_matlab/matlab_msg_gen_ros1/glnxa64/install/local_setup.sh
-- Up-to-date: /home/albee/workspaces/astrobee-ws-reswarm/freeflyer-reswarm/develop/reswarm_msgs/reswarm_msgs_matlab/matlab_msg_gen_ros1/glnxa64/install/setup.zsh
-- Up-to-date: /home/albee/workspaces/astrobee-ws-reswarm/freeflyer-reswarm/develop/reswarm_msgs/reswarm_msgs_matlab/matlab_msg_gen_ros1/glnxa64/install/local_setup.zsh
-- Up-to-date: /home/albee/workspaces/astrobee-ws-reswarm/freeflyer-reswarm/develop/reswarm_msgs/reswarm_msgs_matlab/matlab_msg_gen_ros1/glnxa64/install/.rosinstall
-- Installing: /home/albee/workspaces/astrobee-ws-reswarm/freeflyer-reswarm/develop/reswarm_msgs/reswarm_msgs_matlab/matlab_msg_gen_ros1/glnxa64/install/share/reswarm_msgs/msg/ReswarmCasadiDebug.msg
-- Installing: /home/albee/workspaces/astrobee-ws-reswarm/freeflyer-reswarm/develop/reswarm_msgs/reswarm_msgs_matlab/matlab_msg_gen_ros1/glnxa64/install/share/reswarm_msgs/msg/ReswarmCasadiStatus.msg
-- Installing: /home/albee/workspaces/astrobee-ws-reswarm/freeflyer-reswarm/develop/reswarm_msgs/reswarm_msgs_matlab/matlab_msg_gen_ros1/glnxa64/install/share/reswarm_msgs/msg/ReswarmInfoStatus.msg
-- Installing: /home/albee/workspaces/astrobee-ws-reswarm/freeflyer-reswarm/develop/reswarm_msgs/reswarm_msgs_matlab/matlab_msg_gen_ros1/glnxa64/install/share/reswarm_msgs/msg/ReswarmMsgMRPI.msg
-- Installing: /home/albee/workspaces/astrobee-ws-reswarm/freeflyer-reswarm/develop/reswarm_msgs/reswarm_msgs_matlab/matlab_msg_gen_ros1/glnxa64/install/share/reswarm_msgs/msg/ReswarmPlannerStatus.msg
-- Installing: /home/albee/workspaces/astrobee-ws-reswarm/freeflyer-reswarm/develop/reswarm_msgs/reswarm_msgs_matlab/matlab_msg_gen_ros1/glnxa64/install/share/reswarm_msgs/msg/ReswarmStatusPrimary.msg
-- Installing: /home/albee/workspaces/astrobee-ws-reswarm/freeflyer-reswarm/develop/reswarm_msgs/reswarm_msgs_matlab/matlab_msg_gen_ros1/glnxa64/install/share/reswarm_msgs/msg/ReswarmStatusSecondary.msg
-- Installing: /home/albee/workspaces/astrobee-ws-reswarm/freeflyer-reswarm/develop/reswarm_msgs/reswarm_msgs_matlab/matlab_msg_gen_ros1/glnxa64/install/share/reswarm_msgs/msg/ReswarmTestNumber.msg
-- Installing: /home/albee/workspaces/astrobee-ws-reswarm/freeflyer-reswarm/develop/reswarm_msgs/reswarm_msgs_matlab/matlab_msg_gen_ros1/glnxa64/install/share/reswarm_msgs/msg/ReswarmUCBoundStatus.msg
-- Installing: /home/albee/workspaces/astrobee-ws-reswarm/freeflyer-reswarm/develop/reswarm_msgs/reswarm_msgs_matlab/matlab_msg_gen_ros1/glnxa64/install/share/reswarm_msgs/srv/ReswarmSrvMRPI.srv
-- Installing: /home/albee/workspaces/astrobee-ws-reswarm/freeflyer-reswarm/develop/reswarm_msgs/reswarm_msgs_matlab/matlab_msg_gen_ros1/glnxa64/install/share/reswarm_msgs/cmake/reswarm_msgs-msg-paths.cmake
-- Installing: /home/albee/workspaces/astrobee-ws-reswarm/freeflyer-reswarm/develop/reswarm_msgs/reswarm_msgs_matlab/matlab_msg_gen_ros1/glnxa64/install/include/reswarm_msgs
-- Installing: /home/albee/workspaces/astrobee-ws-reswarm/freeflyer-reswarm/develop/reswarm_msgs/reswarm_msgs_matlab/matlab_msg_gen_ros1/glnxa64/install/include/reswarm_msgs/ReswarmUCBoundStatus.h
-- Installing: /home/albee/workspaces/astrobee-ws-reswarm/freeflyer-reswarm/develop/reswarm_msgs/reswarm_msgs_matlab/matlab_msg_gen_ros1/glnxa64/install/include/reswarm_msgs/ReswarmStatusPrimary.h
-- Installing: /home/albee/workspaces/astrobee-ws-reswarm/freeflyer-reswarm/develop/reswarm_msgs/reswarm_msgs_matlab/matlab_msg_gen_ros1/glnxa64/install/include/reswarm_msgs/ReswarmCasadiStatus.h
-- Installing: /home/albee/workspaces/astrobee-ws-reswarm/freeflyer-reswarm/develop/reswarm_msgs/reswarm_msgs_matlab/matlab_msg_gen_ros1/glnxa64/install/include/reswarm_msgs/ReswarmPlannerStatus.h
-- Installing: /home/albee/workspaces/astrobee-ws-reswarm/freeflyer-reswarm/develop/reswarm_msgs/reswarm_msgs_matlab/matlab_msg_gen_ros1/glnxa64/install/include/reswarm_msgs/ReswarmSrvMRPI.h
-- Installing: /home/albee/workspaces/astrobee-ws-reswarm/freeflyer-reswarm/develop/reswarm_msgs/reswarm_msgs_matlab/matlab_msg_gen_ros1/glnxa64/install/include/reswarm_msgs/ReswarmStatusSecondary.h
-- Installing: /home/albee/workspaces/astrobee-ws-reswarm/freeflyer-reswarm/develop/reswarm_msgs/reswarm_msgs_matlab/matlab_msg_gen_ros1/glnxa64/install/include/reswarm_msgs/ReswarmTestNumber.h
-- Installing: /home/albee/workspaces/astrobee-ws-reswarm/freeflyer-reswarm/develop/reswarm_msgs/reswarm_msgs_matlab/matlab_msg_gen_ros1/glnxa64/install/include/reswarm_msgs/ReswarmInfoStatus.h
-- Installing: /home/albee/workspaces/astrobee-ws-reswarm/freeflyer-reswarm/develop/reswarm_msgs/reswarm_msgs_matlab/matlab_msg_gen_ros1/glnxa64/install/include/reswarm_msgs/ReswarmCasadiDebug.h
-- Installing: /home/albee/workspaces/astrobee-ws-reswarm/freeflyer-reswarm/develop/reswarm_msgs/reswarm_msgs_matlab/matlab_msg_gen_ros1/glnxa64/install/include/reswarm_msgs/ReswarmSrvMRPIRequest.h
-- Installing: /home/albee/workspaces/astrobee-ws-reswarm/freeflyer-reswarm/develop/reswarm_msgs/reswarm_msgs_matlab/matlab_msg_gen_ros1/glnxa64/install/include/reswarm_msgs/ReswarmMsgMRPI.h
-- Installing: /home/albee/workspaces/astrobee-ws-reswarm/freeflyer-reswarm/develop/reswarm_msgs/reswarm_msgs_matlab/matlab_msg_gen_ros1/glnxa64/install/include/reswarm_msgs/ReswarmSrvMRPIResponse.h
Listing /home/albee/workspaces/astrobee-ws-reswarm/freeflyer-reswarm/develop/reswarm_msgs/reswarm_msgs_matlab/matlab_msg_gen_ros1/glnxa64/devel/lib/python2.7/dist-packages/reswarm_msgs ...
Compiling /home/albee/workspaces/astrobee-ws-reswarm/freeflyer-reswarm/develop/reswarm_msgs/reswarm_msgs_matlab/matlab_msg_gen_ros1/glnxa64/devel/lib/python2.7/dist-packages/reswarm_msgs/__init__.py ...
Listing /home/albee/workspaces/astrobee-ws-reswarm/freeflyer-reswarm/develop/reswarm_msgs/reswarm_msgs_matlab/matlab_msg_gen_ros1/glnxa64/devel/lib/python2.7/dist-packages/reswarm_msgs/msg ...
Compiling /home/albee/workspaces/astrobee-ws-reswarm/freeflyer-reswarm/develop/reswarm_msgs/reswarm_msgs_matlab/matlab_msg_gen_ros1/glnxa64/devel/lib/python2.7/dist-packages/reswarm_msgs/msg/_ReswarmCasadiDebug.py ...
Compiling /home/albee/workspaces/astrobee-ws-reswarm/freeflyer-reswarm/develop/reswarm_msgs/reswarm_msgs_matlab/matlab_msg_gen_ros1/glnxa64/devel/lib/python2.7/dist-packages/reswarm_msgs/msg/_ReswarmCasadiStatus.py ...
Compiling /home/albee/workspaces/astrobee-ws-reswarm/freeflyer-reswarm/develop/reswarm_msgs/reswarm_msgs_matlab/matlab_msg_gen_ros1/glnxa64/devel/lib/python2.7/dist-packages/reswarm_msgs/msg/_ReswarmInfoStatus.py ...
Compiling /home/albee/workspaces/astrobee-ws-reswarm/freeflyer-reswarm/develop/reswarm_msgs/reswarm_msgs_matlab/matlab_msg_gen_ros1/glnxa64/devel/lib/python2.7/dist-packages/reswarm_msgs/msg/_ReswarmMsgMRPI.py ...
Compiling /home/albee/workspaces/astrobee-ws-reswarm/freeflyer-reswarm/develop/reswarm_msgs/reswarm_msgs_matlab/matlab_msg_gen_ros1/glnxa64/devel/lib/python2.7/dist-packages/reswarm_msgs/msg/_ReswarmPlannerStatus.py ...
Compiling /home/albee/workspaces/astrobee-ws-reswarm/freeflyer-reswarm/develop/reswarm_msgs/reswarm_msgs_matlab/matlab_msg_gen_ros1/glnxa64/devel/lib/python2.7/dist-packages/reswarm_msgs/msg/_ReswarmStatusPrimary.py ...
Compiling /home/albee/workspaces/astrobee-ws-reswarm/freeflyer-reswarm/develop/reswarm_msgs/reswarm_msgs_matlab/matlab_msg_gen_ros1/glnxa64/devel/lib/python2.7/dist-packages/reswarm_msgs/msg/_ReswarmStatusSecondary.py ...
Compiling /home/albee/workspaces/astrobee-ws-reswarm/freeflyer-reswarm/develop/reswarm_msgs/reswarm_msgs_matlab/matlab_msg_gen_ros1/glnxa64/devel/lib/python2.7/dist-packages/reswarm_msgs/msg/_ReswarmTestNumber.py ...
Compiling /home/albee/workspaces/astrobee-ws-reswarm/freeflyer-reswarm/develop/reswarm_msgs/reswarm_msgs_matlab/matlab_msg_gen_ros1/glnxa64/devel/lib/python2.7/dist-packages/reswarm_msgs/msg/_ReswarmUCBoundStatus.py ...
Compiling /home/albee/workspaces/astrobee-ws-reswarm/freeflyer-reswarm/develop/reswarm_msgs/reswarm_msgs_matlab/matlab_msg_gen_ros1/glnxa64/devel/lib/python2.7/dist-packages/reswarm_msgs/msg/__init__.py ...
Listing /home/albee/workspaces/astrobee-ws-reswarm/freeflyer-reswarm/develop/reswarm_msgs/reswarm_msgs_matlab/matlab_msg_gen_ros1/glnxa64/devel/lib/python2.7/dist-packages/reswarm_msgs/srv ...
Compiling /home/albee/workspaces/astrobee-ws-reswarm/freeflyer-reswarm/develop/reswarm_msgs/reswarm_msgs_matlab/matlab_msg_gen_ros1/glnxa64/devel/lib/python2.7/dist-packages/reswarm_msgs/srv/_ReswarmSrvMRPI.py ...
Compiling /home/albee/workspaces/astrobee-ws-reswarm/freeflyer-reswarm/develop/reswarm_msgs/reswarm_msgs_matlab/matlab_msg_gen_ros1/glnxa64/devel/lib/python2.7/dist-packages/reswarm_msgs/srv/__init__.py ...
-- Installing: /home/albee/workspaces/astrobee-ws-reswarm/freeflyer-reswarm/develop/reswarm_msgs/reswarm_msgs_matlab/matlab_msg_gen_ros1/glnxa64/install/lib/python2.7/dist-packages/reswarm_msgs
-- Installing: /home/albee/workspaces/astrobee-ws-reswarm/freeflyer-reswarm/develop/reswarm_msgs/reswarm_msgs_matlab/matlab_msg_gen_ros1/glnxa64/install/lib/python2.7/dist-packages/reswarm_msgs/msg
-- Installing: /home/albee/workspaces/astrobee-ws-reswarm/freeflyer-reswarm/develop/reswarm_msgs/reswarm_msgs_matlab/matlab_msg_gen_ros1/glnxa64/install/lib/python2.7/dist-packages/reswarm_msgs/msg/_ReswarmStatusSecondary.py
-- Installing: /home/albee/workspaces/astrobee-ws-reswarm/freeflyer-reswarm/develop/reswarm_msgs/reswarm_msgs_matlab/matlab_msg_gen_ros1/glnxa64/install/lib/python2.7/dist-packages/reswarm_msgs/msg/_ReswarmStatusPrimary.py
-- Installing: /home/albee/workspaces/astrobee-ws-reswarm/freeflyer-reswarm/develop/reswarm_msgs/reswarm_msgs_matlab/matlab_msg_gen_ros1/glnxa64/install/lib/python2.7/dist-packages/reswarm_msgs/msg/_ReswarmUCBoundStatus.py
-- Installing: /home/albee/workspaces/astrobee-ws-reswarm/freeflyer-reswarm/develop/reswarm_msgs/reswarm_msgs_matlab/matlab_msg_gen_ros1/glnxa64/install/lib/python2.7/dist-packages/reswarm_msgs/msg/_ReswarmTestNumber.py
-- Installing: /home/albee/workspaces/astrobee-ws-reswarm/freeflyer-reswarm/develop/reswarm_msgs/reswarm_msgs_matlab/matlab_msg_gen_ros1/glnxa64/install/lib/python2.7/dist-packages/reswarm_msgs/msg/_ReswarmStatusPrimary.pyc
-- Installing: /home/albee/workspaces/astrobee-ws-reswarm/freeflyer-reswarm/develop/reswarm_msgs/reswarm_msgs_matlab/matlab_msg_gen_ros1/glnxa64/install/lib/python2.7/dist-packages/reswarm_msgs/msg/_ReswarmMsgMRPI.pyc
-- Installing: /home/albee/workspaces/astrobee-ws-reswarm/freeflyer-reswarm/develop/reswarm_msgs/reswarm_msgs_matlab/matlab_msg_gen_ros1/glnxa64/install/lib/python2.7/dist-packages/reswarm_msgs/msg/_ReswarmInfoStatus.pyc
-- Installing: /home/albee/workspaces/astrobee-ws-reswarm/freeflyer-reswarm/develop/reswarm_msgs/reswarm_msgs_matlab/matlab_msg_gen_ros1/glnxa64/install/lib/python2.7/dist-packages/reswarm_msgs/msg/__init__.pyc
-- Installing: /home/albee/workspaces/astrobee-ws-reswarm/freeflyer-reswarm/develop/reswarm_msgs/reswarm_msgs_matlab/matlab_msg_gen_ros1/glnxa64/install/lib/python2.7/dist-packages/reswarm_msgs/msg/_ReswarmCasadiDebug.pyc
-- Installing: /home/albee/workspaces/astrobee-ws-reswarm/freeflyer-reswarm/develop/reswarm_msgs/reswarm_msgs_matlab/matlab_msg_gen_ros1/glnxa64/install/lib/python2.7/dist-packages/reswarm_msgs/msg/_ReswarmPlannerStatus.pyc
-- Installing: /home/albee/workspaces/astrobee-ws-reswarm/freeflyer-reswarm/develop/reswarm_msgs/reswarm_msgs_matlab/matlab_msg_gen_ros1/glnxa64/install/lib/python2.7/dist-packages/reswarm_msgs/msg/_ReswarmCasadiDebug.py
-- Installing: /home/albee/workspaces/astrobee-ws-reswarm/freeflyer-reswarm/develop/reswarm_msgs/reswarm_msgs_matlab/matlab_msg_gen_ros1/glnxa64/install/lib/python2.7/dist-packages/reswarm_msgs/msg/_ReswarmCasadiStatus.pyc
-- Installing: /home/albee/workspaces/astrobee-ws-reswarm/freeflyer-reswarm/develop/reswarm_msgs/reswarm_msgs_matlab/matlab_msg_gen_ros1/glnxa64/install/lib/python2.7/dist-packages/reswarm_msgs/msg/__init__.py
-- Installing: /home/albee/workspaces/astrobee-ws-reswarm/freeflyer-reswarm/develop/reswarm_msgs/reswarm_msgs_matlab/matlab_msg_gen_ros1/glnxa64/install/lib/python2.7/dist-packages/reswarm_msgs/msg/_ReswarmMsgMRPI.py
-- Installing: /home/albee/workspaces/astrobee-ws-reswarm/freeflyer-reswarm/develop/reswarm_msgs/reswarm_msgs_matlab/matlab_msg_gen_ros1/glnxa64/install/lib/python2.7/dist-packages/reswarm_msgs/msg/_ReswarmInfoStatus.py
-- Installing: /home/albee/workspaces/astrobee-ws-reswarm/freeflyer-reswarm/develop/reswarm_msgs/reswarm_msgs_matlab/matlab_msg_gen_ros1/glnxa64/install/lib/python2.7/dist-packages/reswarm_msgs/msg/_ReswarmStatusSecondary.pyc
-- Installing: /home/albee/workspaces/astrobee-ws-reswarm/freeflyer-reswarm/develop/reswarm_msgs/reswarm_msgs_matlab/matlab_msg_gen_ros1/glnxa64/install/lib/python2.7/dist-packages/reswarm_msgs/msg/_ReswarmTestNumber.pyc
-- Installing: /home/albee/workspaces/astrobee-ws-reswarm/freeflyer-reswarm/develop/reswarm_msgs/reswarm_msgs_matlab/matlab_msg_gen_ros1/glnxa64/install/lib/python2.7/dist-packages/reswarm_msgs/msg/_ReswarmUCBoundStatus.pyc
-- Installing: /home/albee/workspaces/astrobee-ws-reswarm/freeflyer-reswarm/develop/reswarm_msgs/reswarm_msgs_matlab/matlab_msg_gen_ros1/glnxa64/install/lib/python2.7/dist-packages/reswarm_msgs/msg/_ReswarmPlannerStatus.py
-- Installing: /home/albee/workspaces/astrobee-ws-reswarm/freeflyer-reswarm/develop/reswarm_msgs/reswarm_msgs_matlab/matlab_msg_gen_ros1/glnxa64/install/lib/python2.7/dist-packages/reswarm_msgs/msg/_ReswarmCasadiStatus.py
-- Installing: /home/albee/workspaces/astrobee-ws-reswarm/freeflyer-reswarm/develop/reswarm_msgs/reswarm_msgs_matlab/matlab_msg_gen_ros1/glnxa64/install/lib/python2.7/dist-packages/reswarm_msgs/__init__.pyc
-- Installing: /home/albee/workspaces/astrobee-ws-reswarm/freeflyer-reswarm/develop/reswarm_msgs/reswarm_msgs_matlab/matlab_msg_gen_ros1/glnxa64/install/lib/python2.7/dist-packages/reswarm_msgs/__init__.py
-- Installing: /home/albee/workspaces/astrobee-ws-reswarm/freeflyer-reswarm/develop/reswarm_msgs/reswarm_msgs_matlab/matlab_msg_gen_ros1/glnxa64/install/lib/python2.7/dist-packages/reswarm_msgs/srv
-- Installing: /home/albee/workspaces/astrobee-ws-reswarm/freeflyer-reswarm/develop/reswarm_msgs/reswarm_msgs_matlab/matlab_msg_gen_ros1/glnxa64/install/lib/python2.7/dist-packages/reswarm_msgs/srv/__init__.pyc
-- Installing: /home/albee/workspaces/astrobee-ws-reswarm/freeflyer-reswarm/develop/reswarm_msgs/reswarm_msgs_matlab/matlab_msg_gen_ros1/glnxa64/install/lib/python2.7/dist-packages/reswarm_msgs/srv/__init__.py
-- Installing: /home/albee/workspaces/astrobee-ws-reswarm/freeflyer-reswarm/develop/reswarm_msgs/reswarm_msgs_matlab/matlab_msg_gen_ros1/glnxa64/install/lib/python2.7/dist-packages/reswarm_msgs/srv/_ReswarmSrvMRPI.pyc
-- Installing: /home/albee/workspaces/astrobee-ws-reswarm/freeflyer-reswarm/develop/reswarm_msgs/reswarm_msgs_matlab/matlab_msg_gen_ros1/glnxa64/install/lib/python2.7/dist-packages/reswarm_msgs/srv/_ReswarmSrvMRPI.py
-- Installing: /home/albee/workspaces/astrobee-ws-reswarm/freeflyer-reswarm/develop/reswarm_msgs/reswarm_msgs_matlab/matlab_msg_gen_ros1/glnxa64/install/lib/pkgconfig/reswarm_msgs.pc
-- Installing: /home/albee/workspaces/astrobee-ws-reswarm/freeflyer-reswarm/develop/reswarm_msgs/reswarm_msgs_matlab/matlab_msg_gen_ros1/glnxa64/install/share/reswarm_msgs/cmake/reswarm_msgs-msg-extras.cmake
-- Installing: /home/albee/workspaces/astrobee-ws-reswarm/freeflyer-reswarm/develop/reswarm_msgs/reswarm_msgs_matlab/matlab_msg_gen_ros1/glnxa64/install/share/reswarm_msgs/cmake/reswarm_msgsConfig.cmake
-- Installing: /home/albee/workspaces/astrobee-ws-reswarm/freeflyer-reswarm/develop/reswarm_msgs/reswarm_msgs_matlab/matlab_msg_gen_ros1/glnxa64/install/share/reswarm_msgs/cmake/reswarm_msgsConfig-version.cmake
-- Installing: /home/albee/workspaces/astrobee-ws-reswarm/freeflyer-reswarm/develop/reswarm_msgs/reswarm_msgs_matlab/matlab_msg_gen_ros1/glnxa64/install/share/reswarm_msgs/package.xml
-- Up-to-date: /home/albee/workspaces/astrobee-ws-reswarm/freeflyer-reswarm/develop/reswarm_msgs/reswarm_msgs_matlab/matlab_msg_gen_ros1/glnxa64/install/include
-- Up-to-date: /home/albee/workspaces/astrobee-ws-reswarm/freeflyer-reswarm/develop/reswarm_msgs/reswarm_msgs_matlab/matlab_msg_gen_ros1/glnxa64/install/include/reswarm_msgs
-- Installing: /home/albee/workspaces/astrobee-ws-reswarm/freeflyer-reswarm/develop/reswarm_msgs/reswarm_msgs_matlab/matlab_msg_gen_ros1/glnxa64/install/include/reswarm_msgs/visibility_control.h
-- Installing: /home/albee/workspaces/astrobee-ws-reswarm/freeflyer-reswarm/develop/reswarm_msgs/reswarm_msgs_matlab/matlab_msg_gen_ros1/glnxa64/install/lib/libreswarm_msgs_matlab.so
-- Up-to-date: /home/albee/workspaces/astrobee-ws-reswarm/freeflyer-reswarm/develop/reswarm_msgs/reswarm_msgs_matlab/matlab_msg_gen_ros1/glnxa64/install/m/
-- Up-to-date: /home/albee/workspaces/astrobee-ws-reswarm/freeflyer-reswarm/develop/reswarm_msgs/reswarm_msgs_matlab/matlab_msg_gen_ros1/glnxa64/install/m//+ros
-- Up-to-date: /home/albee/workspaces/astrobee-ws-reswarm/freeflyer-reswarm/develop/reswarm_msgs/reswarm_msgs_matlab/matlab_msg_gen_ros1/glnxa64/install/m//+ros/+internal
-- Up-to-date: /home/albee/workspaces/astrobee-ws-reswarm/freeflyer-reswarm/develop/reswarm_msgs/reswarm_msgs_matlab/matlab_msg_gen_ros1/glnxa64/install/m//+ros/+internal/+ros
-- Up-to-date: /home/albee/workspaces/astrobee-ws-reswarm/freeflyer-reswarm/develop/reswarm_msgs/reswarm_msgs_matlab/matlab_msg_gen_ros1/glnxa64/install/m//+ros/+internal/+ros/+custommessages
-- Installing: /home/albee/workspaces/astrobee-ws-reswarm/freeflyer-reswarm/develop/reswarm_msgs/reswarm_msgs_matlab/matlab_msg_gen_ros1/glnxa64/install/m//+ros/+internal/+ros/+custommessages/+reswarm_msgs
-- Installing: /home/albee/workspaces/astrobee-ws-reswarm/freeflyer-reswarm/develop/reswarm_msgs/reswarm_msgs_matlab/matlab_msg_gen_ros1/glnxa64/install/m//+ros/+internal/+ros/+custommessages/+reswarm_msgs/reswarmCasadiStatus.m
-- Installing: /home/albee/workspaces/astrobee-ws-reswarm/freeflyer-reswarm/develop/reswarm_msgs/reswarm_msgs_matlab/matlab_msg_gen_ros1/glnxa64/install/m//+ros/+internal/+ros/+custommessages/+reswarm_msgs/reswarmSrvMRPIResponse.m
-- Installing: /home/albee/workspaces/astrobee-ws-reswarm/freeflyer-reswarm/develop/reswarm_msgs/reswarm_msgs_matlab/matlab_msg_gen_ros1/glnxa64/install/m//+ros/+internal/+ros/+custommessages/+reswarm_msgs/reswarmPlannerStatus.m
-- Installing: /home/albee/workspaces/astrobee-ws-reswarm/freeflyer-reswarm/develop/reswarm_msgs/reswarm_msgs_matlab/matlab_msg_gen_ros1/glnxa64/install/m//+ros/+internal/+ros/+custommessages/+reswarm_msgs/reswarmCasadiDebug.m
-- Installing: /home/albee/workspaces/astrobee-ws-reswarm/freeflyer-reswarm/develop/reswarm_msgs/reswarm_msgs_matlab/matlab_msg_gen_ros1/glnxa64/install/m//+ros/+internal/+ros/+custommessages/+reswarm_msgs/reswarmTestNumber.m
-- Installing: /home/albee/workspaces/astrobee-ws-reswarm/freeflyer-reswarm/develop/reswarm_msgs/reswarm_msgs_matlab/matlab_msg_gen_ros1/glnxa64/install/m//+ros/+internal/+ros/+custommessages/+reswarm_msgs/reswarmInfoStatus.m
-- Installing: /home/albee/workspaces/astrobee-ws-reswarm/freeflyer-reswarm/develop/reswarm_msgs/reswarm_msgs_matlab/matlab_msg_gen_ros1/glnxa64/install/m//+ros/+internal/+ros/+custommessages/+reswarm_msgs/reswarmStatusSecondary.m
-- Installing: /home/albee/workspaces/astrobee-ws-reswarm/freeflyer-reswarm/develop/reswarm_msgs/reswarm_msgs_matlab/matlab_msg_gen_ros1/glnxa64/install/m//+ros/+internal/+ros/+custommessages/+reswarm_msgs/reswarmSrvMRPIRequest.m
-- Installing: /home/albee/workspaces/astrobee-ws-reswarm/freeflyer-reswarm/develop/reswarm_msgs/reswarm_msgs_matlab/matlab_msg_gen_ros1/glnxa64/install/m//+ros/+internal/+ros/+custommessages/+reswarm_msgs/reswarmMsgMRPI.m
-- Installing: /home/albee/workspaces/astrobee-ws-reswarm/freeflyer-reswarm/develop/reswarm_msgs/reswarm_msgs_matlab/matlab_msg_gen_ros1/glnxa64/install/m//+ros/+internal/+ros/+custommessages/+reswarm_msgs/reswarmStatusPrimary.m
-- Installing: /home/albee/workspaces/astrobee-ws-reswarm/freeflyer-reswarm/develop/reswarm_msgs/reswarm_msgs_matlab/matlab_msg_gen_ros1/glnxa64/install/m//+ros/+internal/+ros/+custommessages/+reswarm_msgs/reswarmUCBoundStatus.m
-- Up-to-date: /home/albee/workspaces/astrobee-ws-reswarm/freeflyer-reswarm/develop/reswarm_msgs/reswarm_msgs_matlab/matlab_msg_gen_ros1/glnxa64/install/m//+ros/+msggen
-- Installing: /home/albee/workspaces/astrobee-ws-reswarm/freeflyer-reswarm/develop/reswarm_msgs/reswarm_msgs_matlab/matlab_msg_gen_ros1/glnxa64/install/m//+ros/+msggen/+reswarm_msgs
-- Installing: /home/albee/workspaces/astrobee-ws-reswarm/freeflyer-reswarm/develop/reswarm_msgs/reswarm_msgs_matlab/matlab_msg_gen_ros1/glnxa64/install/m//+ros/+msggen/+reswarm_msgs/ReswarmCasadiDebug.m
-- Installing: /home/albee/workspaces/astrobee-ws-reswarm/freeflyer-reswarm/develop/reswarm_msgs/reswarm_msgs_matlab/matlab_msg_gen_ros1/glnxa64/install/m//+ros/+msggen/+reswarm_msgs/ReswarmTestNumber.m
-- Installing: /home/albee/workspaces/astrobee-ws-reswarm/freeflyer-reswarm/develop/reswarm_msgs/reswarm_msgs_matlab/matlab_msg_gen_ros1/glnxa64/install/m//+ros/+msggen/+reswarm_msgs/ReswarmMsgMRPI.m
-- Installing: /home/albee/workspaces/astrobee-ws-reswarm/freeflyer-reswarm/develop/reswarm_msgs/reswarm_msgs_matlab/matlab_msg_gen_ros1/glnxa64/install/m//+ros/+msggen/+reswarm_msgs/ReswarmSrvMRPIRequest.m
-- Installing: /home/albee/workspaces/astrobee-ws-reswarm/freeflyer-reswarm/develop/reswarm_msgs/reswarm_msgs_matlab/matlab_msg_gen_ros1/glnxa64/install/m//+ros/+msggen/+reswarm_msgs/ReswarmInfoStatus.m
-- Installing: /home/albee/workspaces/astrobee-ws-reswarm/freeflyer-reswarm/develop/reswarm_msgs/reswarm_msgs_matlab/matlab_msg_gen_ros1/glnxa64/install/m//+ros/+msggen/+reswarm_msgs/ReswarmUCBoundStatus.m
-- Installing: /home/albee/workspaces/astrobee-ws-reswarm/freeflyer-reswarm/develop/reswarm_msgs/reswarm_msgs_matlab/matlab_msg_gen_ros1/glnxa64/install/m//+ros/+msggen/+reswarm_msgs/ReswarmCasadiStatus.m
-- Installing: /home/albee/workspaces/astrobee-ws-reswarm/freeflyer-reswarm/develop/reswarm_msgs/reswarm_msgs_matlab/matlab_msg_gen_ros1/glnxa64/install/m//+ros/+msggen/+reswarm_msgs/ReswarmStatusSecondary.m
-- Installing: /home/albee/workspaces/astrobee-ws-reswarm/freeflyer-reswarm/develop/reswarm_msgs/reswarm_msgs_matlab/matlab_msg_gen_ros1/glnxa64/install/m//+ros/+msggen/+reswarm_msgs/ReswarmStatusPrimary.m
-- Installing: /home/albee/workspaces/astrobee-ws-reswarm/freeflyer-reswarm/develop/reswarm_msgs/reswarm_msgs_matlab/matlab_msg_gen_ros1/glnxa64/install/m//+ros/+msggen/+reswarm_msgs/ReswarmPlannerStatus.m
-- Installing: /home/albee/workspaces/astrobee-ws-reswarm/freeflyer-reswarm/develop/reswarm_msgs/reswarm_msgs_matlab/matlab_msg_gen_ros1/glnxa64/install/m//+ros/+msggen/+reswarm_msgs/ReswarmSrvMRPIResponse.m
-- Up-to-date: /home/albee/workspaces/astrobee-ws-reswarm/freeflyer-reswarm/develop/reswarm_msgs/reswarm_msgs_matlab/matlab_msg_gen_ros1/glnxa64/install/share/reswarm_msgs_matlab/msg/ReswarmCasadiDebug.msg
-- Up-to-date: /home/albee/workspaces/astrobee-ws-reswarm/freeflyer-reswarm/develop/reswarm_msgs/reswarm_msgs_matlab/matlab_msg_gen_ros1/glnxa64/install/share/reswarm_msgs_matlab/msg/ReswarmCasadiStatus.msg
-- Up-to-date: /home/albee/workspaces/astrobee-ws-reswarm/freeflyer-reswarm/develop/reswarm_msgs/reswarm_msgs_matlab/matlab_msg_gen_ros1/glnxa64/install/share/reswarm_msgs_matlab/msg/ReswarmInfoStatus.msg
-- Up-to-date: /home/albee/workspaces/astrobee-ws-reswarm/freeflyer-reswarm/develop/reswarm_msgs/reswarm_msgs_matlab/matlab_msg_gen_ros1/glnxa64/install/share/reswarm_msgs_matlab/msg/ReswarmMsgMRPI.msg
-- Up-to-date: /home/albee/workspaces/astrobee-ws-reswarm/freeflyer-reswarm/develop/reswarm_msgs/reswarm_msgs_matlab/matlab_msg_gen_ros1/glnxa64/install/share/reswarm_msgs_matlab/msg/ReswarmPlannerStatus.msg
-- Up-to-date: /home/albee/workspaces/astrobee-ws-reswarm/freeflyer-reswarm/develop/reswarm_msgs/reswarm_msgs_matlab/matlab_msg_gen_ros1/glnxa64/install/share/reswarm_msgs_matlab/msg/ReswarmStatusPrimary.msg
-- Up-to-date: /home/albee/workspaces/astrobee-ws-reswarm/freeflyer-reswarm/develop/reswarm_msgs/reswarm_msgs_matlab/matlab_msg_gen_ros1/glnxa64/install/share/reswarm_msgs_matlab/msg/ReswarmStatusSecondary.msg
-- Up-to-date: /home/albee/workspaces/astrobee-ws-reswarm/freeflyer-reswarm/develop/reswarm_msgs/reswarm_msgs_matlab/matlab_msg_gen_ros1/glnxa64/install/share/reswarm_msgs_matlab/msg/ReswarmTestNumber.msg
-- Up-to-date: /home/albee/workspaces/astrobee-ws-reswarm/freeflyer-reswarm/develop/reswarm_msgs/reswarm_msgs_matlab/matlab_msg_gen_ros1/glnxa64/install/share/reswarm_msgs_matlab/msg/ReswarmUCBoundStatus.msg
-- Up-to-date: /home/albee/workspaces/astrobee-ws-reswarm/freeflyer-reswarm/develop/reswarm_msgs/reswarm_msgs_matlab/matlab_msg_gen_ros1/glnxa64/install/share/reswarm_msgs_matlab/srv/ReswarmSrvMRPI.srv
-- Up-to-date: /home/albee/workspaces/astrobee-ws-reswarm/freeflyer-reswarm/develop/reswarm_msgs/reswarm_msgs_matlab/matlab_msg_gen_ros1/glnxa64/install/share/reswarm_msgs_matlab/cmake/reswarm_msgs_matlab-msg-paths.cmake
-- Up-to-date: /home/albee/workspaces/astrobee-ws-reswarm/freeflyer-reswarm/develop/reswarm_msgs/reswarm_msgs_matlab/matlab_msg_gen_ros1/glnxa64/install/include/reswarm_msgs_matlab
-- Up-to-date: /home/albee/workspaces/astrobee-ws-reswarm/freeflyer-reswarm/develop/reswarm_msgs/reswarm_msgs_matlab/matlab_msg_gen_ros1/glnxa64/install/include/reswarm_msgs_matlab/ReswarmUCBoundStatus.h
-- Up-to-date: /home/albee/workspaces/astrobee-ws-reswarm/freeflyer-reswarm/develop/reswarm_msgs/reswarm_msgs_matlab/matlab_msg_gen_ros1/glnxa64/install/include/reswarm_msgs_matlab/ReswarmStatusPrimary.h
-- Up-to-date: /home/albee/workspaces/astrobee-ws-reswarm/freeflyer-reswarm/develop/reswarm_msgs/reswarm_msgs_matlab/matlab_msg_gen_ros1/glnxa64/install/include/reswarm_msgs_matlab/ReswarmCasadiStatus.h
-- Up-to-date: /home/albee/workspaces/astrobee-ws-reswarm/freeflyer-reswarm/develop/reswarm_msgs/reswarm_msgs_matlab/matlab_msg_gen_ros1/glnxa64/install/include/reswarm_msgs_matlab/ReswarmPlannerStatus.h
-- Up-to-date: /home/albee/workspaces/astrobee-ws-reswarm/freeflyer-reswarm/develop/reswarm_msgs/reswarm_msgs_matlab/matlab_msg_gen_ros1/glnxa64/install/include/reswarm_msgs_matlab/ReswarmSrvMRPI.h
-- Up-to-date: /home/albee/workspaces/astrobee-ws-reswarm/freeflyer-reswarm/develop/reswarm_msgs/reswarm_msgs_matlab/matlab_msg_gen_ros1/glnxa64/install/include/reswarm_msgs_matlab/ReswarmStatusSecondary.h
-- Up-to-date: /home/albee/workspaces/astrobee-ws-reswarm/freeflyer-reswarm/develop/reswarm_msgs/reswarm_msgs_matlab/matlab_msg_gen_ros1/glnxa64/install/include/reswarm_msgs_matlab/ReswarmTestNumber.h
-- Up-to-date: /home/albee/workspaces/astrobee-ws-reswarm/freeflyer-reswarm/develop/reswarm_msgs/reswarm_msgs_matlab/matlab_msg_gen_ros1/glnxa64/install/include/reswarm_msgs_matlab/ReswarmInfoStatus.h
-- Up-to-date: /home/albee/workspaces/astrobee-ws-reswarm/freeflyer-reswarm/develop/reswarm_msgs/reswarm_msgs_matlab/matlab_msg_gen_ros1/glnxa64/install/include/reswarm_msgs_matlab/ReswarmCasadiDebug.h
-- Up-to-date: /home/albee/workspaces/astrobee-ws-reswarm/freeflyer-reswarm/develop/reswarm_msgs/reswarm_msgs_matlab/matlab_msg_gen_ros1/glnxa64/install/include/reswarm_msgs_matlab/ReswarmSrvMRPIRequest.h
-- Up-to-date: /home/albee/workspaces/astrobee-ws-reswarm/freeflyer-reswarm/develop/reswarm_msgs/reswarm_msgs_matlab/matlab_msg_gen_ros1/glnxa64/install/include/reswarm_msgs_matlab/ReswarmMsgMRPI.h
-- Up-to-date: /home/albee/workspaces/astrobee-ws-reswarm/freeflyer-reswarm/develop/reswarm_msgs/reswarm_msgs_matlab/matlab_msg_gen_ros1/glnxa64/install/include/reswarm_msgs_matlab/ReswarmSrvMRPIResponse.h
Listing /home/albee/workspaces/astrobee-ws-reswarm/freeflyer-reswarm/develop/reswarm_msgs/reswarm_msgs_matlab/matlab_msg_gen_ros1/glnxa64/devel/lib/python2.7/dist-packages/reswarm_msgs_matlab ...
Listing /home/albee/workspaces/astrobee-ws-reswarm/freeflyer-reswarm/develop/reswarm_msgs/reswarm_msgs_matlab/matlab_msg_gen_ros1/glnxa64/devel/lib/python2.7/dist-packages/reswarm_msgs_matlab/msg ...
Listing /home/albee/workspaces/astrobee-ws-reswarm/freeflyer-reswarm/develop/reswarm_msgs/reswarm_msgs_matlab/matlab_msg_gen_ros1/glnxa64/devel/lib/python2.7/dist-packages/reswarm_msgs_matlab/srv ...
-- Up-to-date: /home/albee/workspaces/astrobee-ws-reswarm/freeflyer-reswarm/develop/reswarm_msgs/reswarm_msgs_matlab/matlab_msg_gen_ros1/glnxa64/install/lib/python2.7/dist-packages/reswarm_msgs_matlab
-- Up-to-date: /home/albee/workspaces/astrobee-ws-reswarm/freeflyer-reswarm/develop/reswarm_msgs/reswarm_msgs_matlab/matlab_msg_gen_ros1/glnxa64/install/lib/python2.7/dist-packages/reswarm_msgs_matlab/msg
-- Up-to-date: /home/albee/workspaces/astrobee-ws-reswarm/freeflyer-reswarm/develop/reswarm_msgs/reswarm_msgs_matlab/matlab_msg_gen_ros1/glnxa64/install/lib/python2.7/dist-packages/reswarm_msgs_matlab/msg/_ReswarmStatusSecondary.py
-- Up-to-date: /home/albee/workspaces/astrobee-ws-reswarm/freeflyer-reswarm/develop/reswarm_msgs/reswarm_msgs_matlab/matlab_msg_gen_ros1/glnxa64/install/lib/python2.7/dist-packages/reswarm_msgs_matlab/msg/_ReswarmStatusPrimary.py
-- Up-to-date: /home/albee/workspaces/astrobee-ws-reswarm/freeflyer-reswarm/develop/reswarm_msgs/reswarm_msgs_matlab/matlab_msg_gen_ros1/glnxa64/install/lib/python2.7/dist-packages/reswarm_msgs_matlab/msg/_ReswarmUCBoundStatus.py
-- Up-to-date: /home/albee/workspaces/astrobee-ws-reswarm/freeflyer-reswarm/develop/reswarm_msgs/reswarm_msgs_matlab/matlab_msg_gen_ros1/glnxa64/install/lib/python2.7/dist-packages/reswarm_msgs_matlab/msg/_ReswarmTestNumber.py
-- Up-to-date: /home/albee/workspaces/astrobee-ws-reswarm/freeflyer-reswarm/develop/reswarm_msgs/reswarm_msgs_matlab/matlab_msg_gen_ros1/glnxa64/install/lib/python2.7/dist-packages/reswarm_msgs_matlab/msg/_ReswarmStatusPrimary.pyc
-- Up-to-date: /home/albee/workspaces/astrobee-ws-reswarm/freeflyer-reswarm/develop/reswarm_msgs/reswarm_msgs_matlab/matlab_msg_gen_ros1/glnxa64/install/lib/python2.7/dist-packages/reswarm_msgs_matlab/msg/_ReswarmMsgMRPI.pyc
-- Up-to-date: /home/albee/workspaces/astrobee-ws-reswarm/freeflyer-reswarm/develop/reswarm_msgs/reswarm_msgs_matlab/matlab_msg_gen_ros1/glnxa64/install/lib/python2.7/dist-packages/reswarm_msgs_matlab/msg/_ReswarmInfoStatus.pyc
-- Up-to-date: /home/albee/workspaces/astrobee-ws-reswarm/freeflyer-reswarm/develop/reswarm_msgs/reswarm_msgs_matlab/matlab_msg_gen_ros1/glnxa64/install/lib/python2.7/dist-packages/reswarm_msgs_matlab/msg/__init__.pyc
-- Up-to-date: /home/albee/workspaces/astrobee-ws-reswarm/freeflyer-reswarm/develop/reswarm_msgs/reswarm_msgs_matlab/matlab_msg_gen_ros1/glnxa64/install/lib/python2.7/dist-packages/reswarm_msgs_matlab/msg/_ReswarmCasadiDebug.pyc
-- Up-to-date: /home/albee/workspaces/astrobee-ws-reswarm/freeflyer-reswarm/develop/reswarm_msgs/reswarm_msgs_matlab/matlab_msg_gen_ros1/glnxa64/install/lib/python2.7/dist-packages/reswarm_msgs_matlab/msg/_ReswarmPlannerStatus.pyc
-- Up-to-date: /home/albee/workspaces/astrobee-ws-reswarm/freeflyer-reswarm/develop/reswarm_msgs/reswarm_msgs_matlab/matlab_msg_gen_ros1/glnxa64/install/lib/python2.7/dist-packages/reswarm_msgs_matlab/msg/_ReswarmCasadiDebug.py
-- Up-to-date: /home/albee/workspaces/astrobee-ws-reswarm/freeflyer-reswarm/develop/reswarm_msgs/reswarm_msgs_matlab/matlab_msg_gen_ros1/glnxa64/install/lib/python2.7/dist-packages/reswarm_msgs_matlab/msg/_ReswarmCasadiStatus.pyc
-- Up-to-date: /home/albee/workspaces/astrobee-ws-reswarm/freeflyer-reswarm/develop/reswarm_msgs/reswarm_msgs_matlab/matlab_msg_gen_ros1/glnxa64/install/lib/python2.7/dist-packages/reswarm_msgs_matlab/msg/__init__.py
-- Up-to-date: /home/albee/workspaces/astrobee-ws-reswarm/freeflyer-reswarm/develop/reswarm_msgs/reswarm_msgs_matlab/matlab_msg_gen_ros1/glnxa64/install/lib/python2.7/dist-packages/reswarm_msgs_matlab/msg/_ReswarmMsgMRPI.py
-- Up-to-date: /home/albee/workspaces/astrobee-ws-reswarm/freeflyer-reswarm/develop/reswarm_msgs/reswarm_msgs_matlab/matlab_msg_gen_ros1/glnxa64/install/lib/python2.7/dist-packages/reswarm_msgs_matlab/msg/_ReswarmInfoStatus.py
-- Up-to-date: /home/albee/workspaces/astrobee-ws-reswarm/freeflyer-reswarm/develop/reswarm_msgs/reswarm_msgs_matlab/matlab_msg_gen_ros1/glnxa64/install/lib/python2.7/dist-packages/reswarm_msgs_matlab/msg/_ReswarmStatusSecondary.pyc
-- Up-to-date: /home/albee/workspaces/astrobee-ws-reswarm/freeflyer-reswarm/develop/reswarm_msgs/reswarm_msgs_matlab/matlab_msg_gen_ros1/glnxa64/install/lib/python2.7/dist-packages/reswarm_msgs_matlab/msg/_ReswarmTestNumber.pyc
-- Up-to-date: /home/albee/workspaces/astrobee-ws-reswarm/freeflyer-reswarm/develop/reswarm_msgs/reswarm_msgs_matlab/matlab_msg_gen_ros1/glnxa64/install/lib/python2.7/dist-packages/reswarm_msgs_matlab/msg/_ReswarmUCBoundStatus.pyc
-- Up-to-date: /home/albee/workspaces/astrobee-ws-reswarm/freeflyer-reswarm/develop/reswarm_msgs/reswarm_msgs_matlab/matlab_msg_gen_ros1/glnxa64/install/lib/python2.7/dist-packages/reswarm_msgs_matlab/msg/_ReswarmPlannerStatus.py
-- Up-to-date: /home/albee/workspaces/astrobee-ws-reswarm/freeflyer-reswarm/develop/reswarm_msgs/reswarm_msgs_matlab/matlab_msg_gen_ros1/glnxa64/install/lib/python2.7/dist-packages/reswarm_msgs_matlab/msg/_ReswarmCasadiStatus.py
-- Up-to-date: /home/albee/workspaces/astrobee-ws-reswarm/freeflyer-reswarm/develop/reswarm_msgs/reswarm_msgs_matlab/matlab_msg_gen_ros1/glnxa64/install/lib/python2.7/dist-packages/reswarm_msgs_matlab/__init__.pyc
-- Up-to-date: /home/albee/workspaces/astrobee-ws-reswarm/freeflyer-reswarm/develop/reswarm_msgs/reswarm_msgs_matlab/matlab_msg_gen_ros1/glnxa64/install/lib/python2.7/dist-packages/reswarm_msgs_matlab/__init__.py
-- Up-to-date: /home/albee/workspaces/astrobee-ws-reswarm/freeflyer-reswarm/develop/reswarm_msgs/reswarm_msgs_matlab/matlab_msg_gen_ros1/glnxa64/install/lib/python2.7/dist-packages/reswarm_msgs_matlab/srv
-- Up-to-date: /home/albee/workspaces/astrobee-ws-reswarm/freeflyer-reswarm/develop/reswarm_msgs/reswarm_msgs_matlab/matlab_msg_gen_ros1/glnxa64/install/lib/python2.7/dist-packages/reswarm_msgs_matlab/srv/__init__.pyc
-- Up-to-date: /home/albee/workspaces/astrobee-ws-reswarm/freeflyer-reswarm/develop/reswarm_msgs/reswarm_msgs_matlab/matlab_msg_gen_ros1/glnxa64/install/lib/python2.7/dist-packages/reswarm_msgs_matlab/srv/__init__.py
-- Up-to-date: /home/albee/workspaces/astrobee-ws-reswarm/freeflyer-reswarm/develop/reswarm_msgs/reswarm_msgs_matlab/matlab_msg_gen_ros1/glnxa64/install/lib/python2.7/dist-packages/reswarm_msgs_matlab/srv/_ReswarmSrvMRPI.pyc
-- Up-to-date: /home/albee/workspaces/astrobee-ws-reswarm/freeflyer-reswarm/develop/reswarm_msgs/reswarm_msgs_matlab/matlab_msg_gen_ros1/glnxa64/install/lib/python2.7/dist-packages/reswarm_msgs_matlab/srv/_ReswarmSrvMRPI.py
-- Installing: /home/albee/workspaces/astrobee-ws-reswarm/freeflyer-reswarm/develop/reswarm_msgs/reswarm_msgs_matlab/matlab_msg_gen_ros1/glnxa64/install/lib/pkgconfig/reswarm_msgs_matlab.pc
-- Up-to-date: /home/albee/workspaces/astrobee-ws-reswarm/freeflyer-reswarm/develop/reswarm_msgs/reswarm_msgs_matlab/matlab_msg_gen_ros1/glnxa64/install/share/reswarm_msgs_matlab/cmake/reswarm_msgs_matlab-msg-extras.cmake
-- Up-to-date: /home/albee/workspaces/astrobee-ws-reswarm/freeflyer-reswarm/develop/reswarm_msgs/reswarm_msgs_matlab/matlab_msg_gen_ros1/glnxa64/install/share/reswarm_msgs_matlab/cmake/reswarm_msgs_matlabConfig.cmake
-- Up-to-date: /home/albee/workspaces/astrobee-ws-reswarm/freeflyer-reswarm/develop/reswarm_msgs/reswarm_msgs_matlab/matlab_msg_gen_ros1/glnxa64/install/share/reswarm_msgs_matlab/cmake/reswarm_msgs_matlabConfig-version.cmake
-- Up-to-date: /home/albee/workspaces/astrobee-ws-reswarm/freeflyer-reswarm/develop/reswarm_msgs/reswarm_msgs_matlab/matlab_msg_gen_ros1/glnxa64/install/share/reswarm_msgs_matlab/package.xml
-- Up-to-date: /home/albee/workspaces/astrobee-ws-reswarm/freeflyer-reswarm/develop/reswarm_msgs/reswarm_msgs_matlab/matlab_msg_gen_ros1/glnxa64/install/include
-- Up-to-date: /home/albee/workspaces/astrobee-ws-reswarm/freeflyer-reswarm/develop/reswarm_msgs/reswarm_msgs_matlab/matlab_msg_gen_ros1/glnxa64/install/include/reswarm_msgs_matlab
-- Up-to-date: /home/albee/workspaces/astrobee-ws-reswarm/freeflyer-reswarm/develop/reswarm_msgs/reswarm_msgs_matlab/matlab_msg_gen_ros1/glnxa64/install/include/reswarm_msgs_matlab/visibility_control.h
-- Up-to-date: /home/albee/workspaces/astrobee-ws-reswarm/freeflyer-reswarm/develop/reswarm_msgs/reswarm_msgs_matlab/matlab_msg_gen_ros1/glnxa64/install/lib/libreswarm_msgs_matlab_matlab.so
-- Up-to-date: /home/albee/workspaces/astrobee-ws-reswarm/freeflyer-reswarm/develop/reswarm_msgs/reswarm_msgs_matlab/matlab_msg_gen_ros1/glnxa64/install/m/
-- Up-to-date: /home/albee/workspaces/astrobee-ws-reswarm/freeflyer-reswarm/develop/reswarm_msgs/reswarm_msgs_matlab/matlab_msg_gen_ros1/glnxa64/install/m//+ros
-- Up-to-date: /home/albee/workspaces/astrobee-ws-reswarm/freeflyer-reswarm/develop/reswarm_msgs/reswarm_msgs_matlab/matlab_msg_gen_ros1/glnxa64/install/m//+ros/+internal
-- Up-to-date: /home/albee/workspaces/astrobee-ws-reswarm/freeflyer-reswarm/develop/reswarm_msgs/reswarm_msgs_matlab/matlab_msg_gen_ros1/glnxa64/install/m//+ros/+internal/+ros
-- Up-to-date: /home/albee/workspaces/astrobee-ws-reswarm/freeflyer-reswarm/develop/reswarm_msgs/reswarm_msgs_matlab/matlab_msg_gen_ros1/glnxa64/install/m//+ros/+internal/+ros/+custommessages
-- Up-to-date: /home/albee/workspaces/astrobee-ws-reswarm/freeflyer-reswarm/develop/reswarm_msgs/reswarm_msgs_matlab/matlab_msg_gen_ros1/glnxa64/install/m//+ros/+internal/+ros/+custommessages/+reswarm_msgs_matlab
-- Up-to-date: /home/albee/workspaces/astrobee-ws-reswarm/freeflyer-reswarm/develop/reswarm_msgs/reswarm_msgs_matlab/matlab_msg_gen_ros1/glnxa64/install/m//+ros/+internal/+ros/+custommessages/+reswarm_msgs_matlab/reswarmCasadiStatus.m
-- Up-to-date: /home/albee/workspaces/astrobee-ws-reswarm/freeflyer-reswarm/develop/reswarm_msgs/reswarm_msgs_matlab/matlab_msg_gen_ros1/glnxa64/install/m//+ros/+internal/+ros/+custommessages/+reswarm_msgs_matlab/reswarmSrvMRPIResponse.m
-- Up-to-date: /home/albee/workspaces/astrobee-ws-reswarm/freeflyer-reswarm/develop/reswarm_msgs/reswarm_msgs_matlab/matlab_msg_gen_ros1/glnxa64/install/m//+ros/+internal/+ros/+custommessages/+reswarm_msgs_matlab/reswarmPlannerStatus.m
-- Up-to-date: /home/albee/workspaces/astrobee-ws-reswarm/freeflyer-reswarm/develop/reswarm_msgs/reswarm_msgs_matlab/matlab_msg_gen_ros1/glnxa64/install/m//+ros/+internal/+ros/+custommessages/+reswarm_msgs_matlab/reswarmCasadiDebug.m
-- Up-to-date: /home/albee/workspaces/astrobee-ws-reswarm/freeflyer-reswarm/develop/reswarm_msgs/reswarm_msgs_matlab/matlab_msg_gen_ros1/glnxa64/install/m//+ros/+internal/+ros/+custommessages/+reswarm_msgs_matlab/reswarmTestNumber.m
-- Up-to-date: /home/albee/workspaces/astrobee-ws-reswarm/freeflyer-reswarm/develop/reswarm_msgs/reswarm_msgs_matlab/matlab_msg_gen_ros1/glnxa64/install/m//+ros/+internal/+ros/+custommessages/+reswarm_msgs_matlab/reswarmInfoStatus.m
-- Up-to-date: /home/albee/workspaces/astrobee-ws-reswarm/freeflyer-reswarm/develop/reswarm_msgs/reswarm_msgs_matlab/matlab_msg_gen_ros1/glnxa64/install/m//+ros/+internal/+ros/+custommessages/+reswarm_msgs_matlab/reswarmStatusSecondary.m
-- Up-to-date: /home/albee/workspaces/astrobee-ws-reswarm/freeflyer-reswarm/develop/reswarm_msgs/reswarm_msgs_matlab/matlab_msg_gen_ros1/glnxa64/install/m//+ros/+internal/+ros/+custommessages/+reswarm_msgs_matlab/reswarmSrvMRPIRequest.m
-- Up-to-date: /home/albee/workspaces/astrobee-ws-reswarm/freeflyer-reswarm/develop/reswarm_msgs/reswarm_msgs_matlab/matlab_msg_gen_ros1/glnxa64/install/m//+ros/+internal/+ros/+custommessages/+reswarm_msgs_matlab/reswarmMsgMRPI.m
-- Up-to-date: /home/albee/workspaces/astrobee-ws-reswarm/freeflyer-reswarm/develop/reswarm_msgs/reswarm_msgs_matlab/matlab_msg_gen_ros1/glnxa64/install/m//+ros/+internal/+ros/+custommessages/+reswarm_msgs_matlab/reswarmStatusPrimary.m
-- Up-to-date: /home/albee/workspaces/astrobee-ws-reswarm/freeflyer-reswarm/develop/reswarm_msgs/reswarm_msgs_matlab/matlab_msg_gen_ros1/glnxa64/install/m//+ros/+internal/+ros/+custommessages/+reswarm_msgs_matlab/reswarmUCBoundStatus.m
-- Up-to-date: /home/albee/workspaces/astrobee-ws-reswarm/freeflyer-reswarm/develop/reswarm_msgs/reswarm_msgs_matlab/matlab_msg_gen_ros1/glnxa64/install/m//+ros/+msggen
-- Up-to-date: /home/albee/workspaces/astrobee-ws-reswarm/freeflyer-reswarm/develop/reswarm_msgs/reswarm_msgs_matlab/matlab_msg_gen_ros1/glnxa64/install/m//+ros/+msggen/+reswarm_msgs_matlab
-- Up-to-date: /home/albee/workspaces/astrobee-ws-reswarm/freeflyer-reswarm/develop/reswarm_msgs/reswarm_msgs_matlab/matlab_msg_gen_ros1/glnxa64/install/m//+ros/+msggen/+reswarm_msgs_matlab/ReswarmCasadiDebug.m
-- Up-to-date: /home/albee/workspaces/astrobee-ws-reswarm/freeflyer-reswarm/develop/reswarm_msgs/reswarm_msgs_matlab/matlab_msg_gen_ros1/glnxa64/install/m//+ros/+msggen/+reswarm_msgs_matlab/ReswarmTestNumber.m
-- Up-to-date: /home/albee/workspaces/astrobee-ws-reswarm/freeflyer-reswarm/develop/reswarm_msgs/reswarm_msgs_matlab/matlab_msg_gen_ros1/glnxa64/install/m//+ros/+msggen/+reswarm_msgs_matlab/ReswarmMsgMRPI.m
-- Up-to-date: /home/albee/workspaces/astrobee-ws-reswarm/freeflyer-reswarm/develop/reswarm_msgs/reswarm_msgs_matlab/matlab_msg_gen_ros1/glnxa64/install/m//+ros/+msggen/+reswarm_msgs_matlab/ReswarmSrvMRPIRequest.m
-- Up-to-date: /home/albee/workspaces/astrobee-ws-reswarm/freeflyer-reswarm/develop/reswarm_msgs/reswarm_msgs_matlab/matlab_msg_gen_ros1/glnxa64/install/m//+ros/+msggen/+reswarm_msgs_matlab/ReswarmInfoStatus.m
-- Up-to-date: /home/albee/workspaces/astrobee-ws-reswarm/freeflyer-reswarm/develop/reswarm_msgs/reswarm_msgs_matlab/matlab_msg_gen_ros1/glnxa64/install/m//+ros/+msggen/+reswarm_msgs_matlab/ReswarmUCBoundStatus.m
-- Up-to-date: /home/albee/workspaces/astrobee-ws-reswarm/freeflyer-reswarm/develop/reswarm_msgs/reswarm_msgs_matlab/matlab_msg_gen_ros1/glnxa64/install/m//+ros/+msggen/+reswarm_msgs_matlab/ReswarmCasadiStatus.m
-- Up-to-date: /home/albee/workspaces/astrobee-ws-reswarm/freeflyer-reswarm/develop/reswarm_msgs/reswarm_msgs_matlab/matlab_msg_gen_ros1/glnxa64/install/m//+ros/+msggen/+reswarm_msgs_matlab/ReswarmStatusSecondary.m
-- Up-to-date: /home/albee/workspaces/astrobee-ws-reswarm/freeflyer-reswarm/develop/reswarm_msgs/reswarm_msgs_matlab/matlab_msg_gen_ros1/glnxa64/install/m//+ros/+msggen/+reswarm_msgs_matlab/ReswarmStatusPrimary.m
-- Up-to-date: /home/albee/workspaces/astrobee-ws-reswarm/freeflyer-reswarm/develop/reswarm_msgs/reswarm_msgs_matlab/matlab_msg_gen_ros1/glnxa64/install/m//+ros/+msggen/+reswarm_msgs_matlab/ReswarmPlannerStatus.m
-- Up-to-date: /home/albee/workspaces/astrobee-ws-reswarm/freeflyer-reswarm/develop/reswarm_msgs/reswarm_msgs_matlab/matlab_msg_gen_ros1/glnxa64/install/m//+ros/+msggen/+reswarm_msgs_matlab/ReswarmSrvMRPIResponse.m
Base path: /home/albee/workspaces/astrobee-ws-reswarm/freeflyer-reswarm/develop/reswarm_msgs/reswarm_msgs_matlab/matlab_msg_gen_ros1/glnxa64
Source space: /home/albee/workspaces/astrobee-ws-reswarm/freeflyer-reswarm/develop/reswarm_msgs/reswarm_msgs_matlab/matlab_msg_gen_ros1/glnxa64/src
Build space: /home/albee/workspaces/astrobee-ws-reswarm/freeflyer-reswarm/develop/reswarm_msgs/reswarm_msgs_matlab/matlab_msg_gen_ros1/glnxa64/build
Devel space: /home/albee/workspaces/astrobee-ws-reswarm/freeflyer-reswarm/develop/reswarm_msgs/reswarm_msgs_matlab/matlab_msg_gen_ros1/glnxa64/devel
Install space: /home/albee/workspaces/astrobee-ws-reswarm/freeflyer-reswarm/develop/reswarm_msgs/reswarm_msgs_matlab/matlab_msg_gen_ros1/glnxa64/install
####
#### Running command: "cmake /home/albee/workspaces/astrobee-ws-reswarm/freeflyer-reswarm/develop/reswarm_msgs/reswarm_msgs_matlab/matlab_msg_gen_ros1/glnxa64/src -DBoost_NAMESPACE=mwboost -DCATKIN_ENABLE_TESTING=off -DCMAKE_PREFIX_PATH=/usr/local/MATLAB/R2021a/sys/ros1/glnxa64/ros1;/usr/local/MATLAB/R2021a/toolbox/ros/mlroscpp/custom_messages -DCMAKE_BUILD_TYPE=Release -DCMAKE_CXX_FLAGS_RELEASE=-O0 -DCATKIN_DEVEL_PREFIX=/home/albee/workspaces/astrobee-ws-reswarm/freeflyer-reswarm/develop/reswarm_msgs/reswarm_msgs_matlab/matlab_msg_gen_ros1/glnxa64/devel -DCMAKE_INSTALL_PREFIX=/home/albee/workspaces/astrobee-ws-reswarm/freeflyer-reswarm/develop/reswarm_msgs/reswarm_msgs_matlab/matlab_msg_gen_ros1/glnxa64/install -G Ninja" in "/home/albee/workspaces/astrobee-ws-reswarm/freeflyer-reswarm/develop/reswarm_msgs/reswarm_msgs_matlab/matlab_msg_gen_ros1/glnxa64/build"
####
####
#### Running command: "ninja install install -j12 -l12" in "/home/albee/workspaces/astrobee-ws-reswarm/freeflyer-reswarm/develop/reswarm_msgs/reswarm_msgs_matlab/matlab_msg_gen_ros1/glnxa64/build"
####
